[2026-03-25T04:34:03.143Z] GET /api/posts/feed?page=2&limit=10
[2026-03-25T04:34:03.314Z] GET /api/posts/feed?page=2&limit=10
[2026-03-25T04:34:03.493Z] GET /api/posts/feed?page=2&limit=10
[2026-03-25T04:34:03.658Z] GET /api/posts/feed?page=2&limit=10
[2026-03-25T04:34:03.814Z] GET /api/posts/feed?page=2&limit=10
[2026-03-25T04:34:03.988Z] GET /api/posts/feed?page=2&limit=10
[2026-03-25T04:34:04.157Z] GET /api/posts/feed?page=2&limit=10
[2026-03-25T04:34:04.330Z] GET /api/posts/feed?page=2&limit=10
[2026-03-25T04:34:04.502Z] GET /api/posts/feed?page=2&limit=10
[2026-03-25T04:34:04.676Z] GET /api/posts/feed?page=2&limit=10
[2026-03-25T04:34:04.842Z] GET /api/posts/feed?page=2&limit=10
[2026-03-25T04:34:07.334Z] GET /api/posts/feed?page=2&limit=10
[2026-03-25T04:34:09.525Z] GET /api/posts/feed?page=2&limit=10
[2026-03-25T04:34:09.694Z] GET /api/posts/feed?page=2&limit=10
[2026-03-25T04:34:09.890Z] GET /api/posts/feed?page=2&limit=10
[2026-03-25T04:34:10.742Z] GET /api/posts/feed?page=2&limit=10
[2026-03-25T04:34:10.931Z] GET /api/posts/feed?page=2&limit=10
[2026-03-25T04:34:14.177Z] UNCAUGHT EXCEPTION: listen EADDRINUSE: address already in use 0.0.0.0:5001
Error: listen EADDRINUSE: address already in use 0.0.0.0:5001
    at Server.setupListenHandle [as _listen2] (node:net:1940:16)
    at listenInCluster (node:net:1997:12)
    at node:net:2206:7
    at process.processTicksAndRejections (node:internal/process/task_queues:89:21)
[2026-03-25T04:34:20.938Z] GET /api/posts/feed?page=2&limit=10
[2026-03-25T04:34:22.429Z] GET /api/posts/feed?page=2&limit=10
[2026-03-25T04:34:22.623Z] GET /api/posts/feed?page=2&limit=10
[2026-03-25T04:34:22.821Z] GET /api/posts/feed?page=2&limit=10
[2026-03-25T04:34:26.099Z] GET /api/posts/feed?page=2&limit=10
[2026-03-25T04:34:33.392Z] GET /api/posts/feed?page=2&limit=10
[2026-03-25T04:34:33.593Z] GET /api/posts/feed?page=2&limit=10
[2026-03-25T04:34:34.814Z] GET /api/posts/feed?page=2&limit=10
[2026-03-25T04:34:44.820Z] GET /api/posts/feed?page=2&limit=10
[2026-03-25T04:34:46.252Z] GET /api/posts/feed?page=2&limit=10
[2026-03-25T04:34:47.437Z] GET /api/posts/feed?page=2&limit=10
[2026-03-25T04:34:47.625Z] GET /api/posts/feed?page=2&limit=10
[2026-03-25T04:34:47.833Z] GET /api/posts/feed?page=2&limit=10
[2026-03-25T04:34:48.614Z] GET /api/posts/feed?page=2&limit=10
[2026-03-25T04:34:48.810Z] GET /api/posts/feed?page=2&limit=10
[2026-03-25T04:34:48.996Z] GET /api/posts/feed?page=2&limit=10
[2026-03-25T04:34:49.188Z] GET /api/posts/feed?page=2&limit=10
[2026-03-25T04:34:49.384Z] GET /api/posts/feed?page=2&limit=10
[2026-03-25T04:34:49.579Z] GET /api/posts/feed?page=2&limit=10
[2026-03-25T04:34:49.785Z] GET /api/posts/feed?page=2&limit=10
[2026-03-25T04:34:53.059Z] GET /api/posts/feed?page=2&limit=10
[2026-03-25T04:34:53.124Z] GET /api/posts/feed?page=2&limit=10
[2026-03-25T04:34:53.301Z] GET /api/posts/feed?page=1&limit=10
[2026-03-25T04:34:53.510Z] GET /api/posts/feed?page=2&limit=10
[2026-03-25T04:34:53.699Z] GET /api/posts/feed?page=2&limit=10
[2026-03-25T04:34:53.903Z] GET /api/posts/feed?page=2&limit=10
[2026-03-25T04:34:55.103Z] GET /api/posts/feed?page=2&limit=10
[2026-03-25T04:34:56.318Z] GET /api/posts/feed?page=2&limit=10
[2026-03-25T04:34:56.515Z] GET /api/posts/feed?page=2&limit=10
[2026-03-25T04:34:56.696Z] GET /api/posts/feed?page=2&limit=10
[2026-03-25T04:34:56.879Z] GET /api/posts/feed?page=2&limit=10
[2026-03-25T04:35:04.741Z] UNCAUGHT EXCEPTION: listen EADDRINUSE: address already in use 0.0.0.0:5001
Error: listen EADDRINUSE: address already in use 0.0.0.0:5001
    at Server.setupListenHandle [as _listen2] (node:net:1940:16)
    at listenInCluster (node:net:1997:12)
    at node:net:2206:7
    at process.processTicksAndRejections (node:internal/process/task_queues:89:21)
[2026-03-25T04:35:06.885Z] GET /api/posts/feed?page=2&limit=10
[2026-03-25T04:35:07.085Z] GET /api/posts/feed?page=2&limit=10
[2026-03-25T04:35:07.254Z] GET /api/posts/feed?page=2&limit=10
[2026-03-25T04:35:07.424Z] GET /api/posts/feed?page=2&limit=10
[2026-03-25T04:35:07.593Z] GET /api/posts/feed?page=2&limit=10
[2026-03-25T04:35:07.762Z] GET /api/posts/feed?page=2&limit=10
[2026-03-25T04:35:07.934Z] GET /api/posts/feed?page=2&limit=10
[2026-03-25T04:35:08.105Z] GET /api/posts/feed?page=2&limit=10
[2026-03-25T04:35:08.277Z] GET /api/posts/feed?page=2&limit=10
[2026-03-25T04:35:08.447Z] GET /api/posts/feed?page=2&limit=10
[2026-03-25T04:35:08.626Z] GET /api/posts/feed?page=2&limit=10
[2026-03-25T04:35:08.815Z] GET /api/posts/feed?page=2&limit=10
[2026-03-25T04:35:08.990Z] GET /api/posts/feed?page=2&limit=10
[2026-03-25T04:35:09.168Z] GET /api/posts/feed?page=2&limit=10
[2026-03-25T04:35:09.348Z] GET /api/posts/feed?page=2&limit=10
[2026-03-25T04:35:09.523Z] GET /api/posts/feed?page=2&limit=10
[2026-03-25T04:35:09.690Z] GET /api/posts/feed?page=2&limit=10
[2026-03-25T04:35:09.858Z] GET /api/posts/feed?page=2&limit=10
[2026-03-25T04:35:10.055Z] GET /api/posts/feed?page=2&limit=10
[2026-03-25T04:35:10.244Z] GET /api/posts/feed?page=2&limit=10
[2026-03-25T04:35:10.438Z] GET /api/posts/feed?page=2&limit=10
[2026-03-25T04:35:10.640Z] GET /api/posts/feed?page=2&limit=10
[2026-03-25T04:35:10.819Z] GET /api/posts/feed?page=2&limit=10
[2026-03-25T04:35:11.015Z] GET /api/posts/feed?page=2&limit=10
[2026-03-25T04:35:11.208Z] GET /api/posts/feed?page=2&limit=10
[2026-03-25T04:35:11.403Z] GET /api/posts/feed?page=2&limit=10
[2026-03-25T04:35:11.591Z] GET /api/posts/feed?page=2&limit=10
[2026-03-25T04:35:11.779Z] GET /api/posts/feed?page=2&limit=10
[2026-03-25T04:35:11.964Z] GET /api/posts/feed?page=2&limit=10
[2026-03-25T04:35:12.159Z] GET /api/posts/feed?page=2&limit=10
[2026-03-25T04:35:12.336Z] GET /api/posts/feed?page=2&limit=10
[2026-03-25T04:35:12.500Z] GET /api/posts/feed?page=2&limit=10
[2026-03-25T04:35:12.669Z] GET /api/posts/feed?page=2&limit=10
[2026-03-25T04:35:12.847Z] GET /api/posts/feed?page=2&limit=10
[2026-03-25T04:35:13.008Z] GET /api/posts/feed?page=2&limit=10
[2026-03-25T04:35:13.189Z] GET /api/posts/feed?page=2&limit=10
[2026-03-25T04:35:13.355Z] GET /api/posts/feed?page=2&limit=10
[2026-03-25T04:35:13.544Z] GET /api/posts/feed?page=2&limit=10
[2026-03-25T04:35:13.730Z] GET /api/posts/feed?page=2&limit=10
[2026-03-25T04:35:13.914Z] GET /api/posts/feed?page=2&limit=10
[2026-03-25T04:35:14.078Z] GET /api/posts/feed?page=2&limit=10
[2026-03-25T04:35:14.250Z] GET /api/posts/feed?page=2&limit=10
[2026-03-25T04:35:14.410Z] GET /api/posts/feed?page=2&limit=10
[2026-03-25T04:35:14.581Z] GET /api/posts/feed?page=2&limit=10
[2026-03-25T04:35:14.753Z] GET /api/posts/feed?page=2&limit=10
[2026-03-25T04:35:14.928Z] GET /api/posts/feed?page=2&limit=10
[2026-03-25T04:35:15.103Z] GET /api/posts/feed?page=2&limit=10
[2026-03-25T04:35:15.278Z] GET /api/posts/feed?page=2&limit=10
[2026-03-25T04:35:15.448Z] GET /api/posts/feed?page=2&limit=10
[2026-03-25T04:35:15.624Z] GET /api/posts/feed?page=2&limit=10
[2026-03-25T04:35:15.800Z] GET /api/posts/feed?page=2&limit=10
[2026-03-25T04:35:15.958Z] GET /api/posts/feed?page=2&limit=10
[2026-03-25T04:35:16.125Z] GET /api/posts/feed?page=2&limit=10
[2026-03-25T04:35:16.283Z] GET /api/posts/feed?page=2&limit=10
[2026-03-25T04:35:16.455Z] GET /api/posts/feed?page=2&limit=10
[2026-03-25T04:35:16.637Z] GET /api/posts/feed?page=2&limit=10
[2026-03-25T04:35:16.818Z] GET /api/posts/feed?page=2&limit=10
[2026-03-25T04:35:16.992Z] GET /api/posts/feed?page=2&limit=10
[2026-03-25T04:35:17.154Z] GET /api/posts/feed?page=2&limit=10
[2026-03-25T04:35:17.326Z] GET /api/posts/feed?page=2&limit=10
[2026-03-25T04:35:17.486Z] GET /api/posts/feed?page=2&limit=10
[2026-03-25T04:35:17.671Z] GET /api/posts/feed?page=2&limit=10
[2026-03-25T04:35:17.850Z] GET /api/posts/feed?page=2&limit=10
[2026-03-25T04:35:18.017Z] GET /api/posts/feed?page=2&limit=10
[2026-03-25T04:35:18.188Z] GET /api/posts/feed?page=2&limit=10
[2026-03-25T04:35:18.355Z] GET /api/posts/feed?page=2&limit=10
[2026-03-25T04:35:18.529Z] GET /api/posts/feed?page=2&limit=10
[2026-03-25T04:35:18.698Z] GET /api/posts/feed?page=2&limit=10
[2026-03-25T04:35:18.868Z] GET /api/posts/feed?page=2&limit=10
[2026-03-25T04:35:19.054Z] GET /api/posts/feed?page=2&limit=10
[2026-03-25T04:35:19.218Z] GET /api/posts/feed?page=2&limit=10
[2026-03-25T04:35:19.391Z] GET /api/posts/feed?page=2&limit=10
[2026-03-25T04:35:19.567Z] GET /api/posts/feed?page=2&limit=10
[2026-03-25T04:35:19.742Z] GET /api/posts/feed?page=2&limit=10
[2026-03-25T04:35:19.911Z] GET /api/posts/feed?page=2&limit=10
[2026-03-25T04:35:20.087Z] GET /api/posts/feed?page=2&limit=10
[2026-03-25T04:35:20.257Z] GET /api/posts/feed?page=2&limit=10
[2026-03-25T04:35:20.422Z] GET /api/posts/feed?page=2&limit=10
[2026-03-25T04:35:20.590Z] GET /api/posts/feed?page=2&limit=10
[2026-03-25T04:35:20.781Z] GET /api/posts/feed?page=2&limit=10
[2026-03-25T04:35:20.972Z] GET /api/posts/feed?page=2&limit=10
[2026-03-25T04:35:21.148Z] GET /api/posts/feed?page=2&limit=10
[2026-03-25T04:35:21.318Z] GET /api/posts/feed?page=2&limit=10
[2026-03-25T04:35:21.483Z] GET /api/posts/feed?page=2&limit=10
[2026-03-25T04:35:21.651Z] GET /api/posts/feed?page=2&limit=10
[2026-03-25T04:35:21.827Z] GET /api/posts/feed?page=2&limit=10
[2026-03-25T04:35:24.930Z] GET /api/posts/feed?page=2&limit=10
[2026-03-25T04:35:25.071Z] GET /api/posts/feed?page=1&limit=10
[2026-03-25T04:35:25.250Z] GET /api/posts/feed?page=2&limit=10
[2026-03-25T04:35:25.429Z] GET /api/posts/feed?page=2&limit=10
[2026-03-25T04:35:25.596Z] GET /api/posts/feed?page=1&limit=10
[2026-03-25T04:35:25.780Z] GET /api/posts/feed?page=2&limit=10
[2026-03-25T04:35:25.959Z] GET /api/posts/feed?page=2&limit=10
[2026-03-25T04:35:26.123Z] GET /api/posts/feed?page=2&limit=10
[2026-03-25T04:35:26.376Z] GET /api/posts/feed?page=1&limit=10
[2026-03-25T04:35:26.549Z] GET /api/posts/feed?page=2&limit=10
[2026-03-25T04:35:26.639Z] GET /api/posts/feed?page=1&limit=10
[2026-03-25T04:35:26.832Z] GET /api/posts/feed?page=1&limit=10
[2026-03-25T04:35:27.000Z] GET /api/posts/feed?page=2&limit=10
[2026-03-25T04:35:27.171Z] GET /api/posts/feed?page=2&limit=10
[2026-03-25T04:35:27.345Z] GET /api/posts/feed?page=2&limit=10
[2026-03-25T04:35:27.515Z] GET /api/posts/feed?page=2&limit=10
[2026-03-25T04:35:27.692Z] GET /api/posts/feed?page=2&limit=10
[2026-03-25T04:35:27.858Z] GET /api/posts/feed?page=2&limit=10
[2026-03-25T04:35:28.038Z] GET /api/posts/feed?page=2&limit=10
[2026-03-25T04:35:28.201Z] GET /api/posts/feed?page=2&limit=10
[2026-03-25T04:35:28.364Z] GET /api/posts/feed?page=2&limit=10
[2026-03-25T04:35:28.528Z] GET /api/posts/feed?page=2&limit=10
[2026-03-25T04:35:28.700Z] GET /api/posts/feed?page=2&limit=10
[2026-03-25T04:35:28.863Z] GET /api/posts/feed?page=2&limit=10
[2026-03-25T04:35:29.034Z] GET /api/posts/feed?page=2&limit=10
[2026-03-25T04:35:29.204Z] GET /api/posts/feed?page=2&limit=10
[2026-03-25T04:35:29.375Z] GET /api/posts/feed?page=2&limit=10
[2026-03-25T04:35:29.549Z] GET /api/posts/feed?page=2&limit=10
[2026-03-25T04:35:29.727Z] GET /api/posts/feed?page=2&limit=10
[2026-03-25T04:35:29.895Z] GET /api/posts/feed?page=2&limit=10
[2026-03-25T04:35:30.091Z] GET /api/posts/feed?page=1&limit=10
[2026-03-25T04:35:30.270Z] GET /api/posts/feed?page=2&limit=10
[2026-03-25T04:35:30.454Z] GET /api/posts/feed?page=2&limit=10
[2026-03-25T04:35:30.623Z] GET /api/posts/feed?page=2&limit=10
[2026-03-25T04:35:30.786Z] GET /api/posts/feed?page=2&limit=10
[2026-03-25T04:35:30.954Z] GET /api/posts/feed?page=2&limit=10
[2026-03-25T04:35:31.126Z] GET /api/posts/feed?page=2&limit=10
[2026-03-25T04:35:31.301Z] GET /api/posts/feed?page=2&limit=10
[2026-03-25T04:35:31.478Z] GET /api/posts/feed?page=2&limit=10
[2026-03-25T04:35:31.647Z] GET /api/posts/feed?page=2&limit=10
[2026-03-25T04:35:31.817Z] GET /api/posts/feed?page=2&limit=10
[2026-03-25T04:35:31.989Z] GET /api/posts/feed?page=2&limit=10
[2026-03-25T04:35:32.166Z] GET /api/posts/feed?page=2&limit=10
[2026-03-25T04:35:32.343Z] GET /api/posts/feed?page=2&limit=10
[2026-03-25T04:35:32.516Z] GET /api/posts/feed?page=2&limit=10
[2026-03-25T04:35:32.688Z] GET /api/posts/feed?page=2&limit=10
[2026-03-25T04:35:32.855Z] GET /api/posts/feed?page=2&limit=10
[2026-03-25T04:35:33.027Z] GET /api/posts/feed?page=2&limit=10
[2026-03-25T04:35:33.197Z] GET /api/posts/feed?page=2&limit=10
[2026-03-25T04:35:33.361Z] GET /api/posts/feed?page=2&limit=10
[2026-03-25T04:35:33.533Z] GET /api/posts/feed?page=2&limit=10
[2026-03-25T04:35:33.708Z] GET /api/posts/feed?page=2&limit=10
[2026-03-25T04:35:33.877Z] GET /api/posts/feed?page=2&limit=10
[2026-03-25T04:35:34.052Z] GET /api/posts/feed?page=2&limit=10
[2026-03-25T04:35:34.219Z] GET /api/posts/feed?page=2&limit=10
[2026-03-25T04:35:34.389Z] GET /api/posts/feed?page=2&limit=10
[2026-03-25T04:35:34.560Z] GET /api/posts/feed?page=2&limit=10
[2026-03-25T04:35:34.720Z] GET /api/posts/feed?page=2&limit=10
[2026-03-25T04:35:34.893Z] GET /api/posts/feed?page=2&limit=10
[2026-03-25T04:35:35.067Z] GET /api/posts/feed?page=2&limit=10
[2026-03-25T04:35:35.244Z] GET /api/posts/feed?page=2&limit=10
[2026-03-25T04:35:35.416Z] GET /api/posts/feed?page=2&limit=10
[2026-03-25T04:35:35.584Z] GET /api/posts/feed?page=2&limit=10
[2026-03-25T04:35:35.744Z] GET /api/posts/feed?page=2&limit=10
[2026-03-25T04:35:35.908Z] GET /api/posts/feed?page=2&limit=10
[2026-03-25T04:35:36.083Z] GET /api/posts/feed?page=2&limit=10
[2026-03-25T04:35:36.253Z] GET /api/posts/feed?page=2&limit=10
[2026-03-25T04:35:36.418Z] GET /api/posts/feed?page=2&limit=10
[2026-03-25T04:35:36.584Z] GET /api/posts/feed?page=2&limit=10
[2026-03-25T04:35:36.754Z] GET /api/posts/feed?page=2&limit=10
[2026-03-25T04:35:36.926Z] GET /api/posts/feed?page=2&limit=10
[2026-03-25T04:35:37.097Z] GET /api/posts/feed?page=2&limit=10
[2026-03-25T04:35:37.260Z] GET /api/posts/feed?page=2&limit=10
[2026-03-25T04:35:37.433Z] GET /api/posts/feed?page=2&limit=10
[2026-03-25T04:35:37.609Z] GET /api/posts/feed?page=2&limit=10
[2026-03-25T04:35:37.780Z] GET /api/posts/feed?page=2&limit=10
[2026-03-25T04:35:37.954Z] GET /api/posts/feed?page=2&limit=10
[2026-03-25T04:35:38.130Z] GET /api/posts/feed?page=2&limit=10
[2026-03-25T04:35:38.297Z] GET /api/posts/feed?page=2&limit=10
[2026-03-25T04:35:38.472Z] GET /api/posts/feed?page=2&limit=10
[2026-03-25T04:35:38.639Z] GET /api/posts/feed?page=2&limit=10
[2026-03-25T04:35:38.811Z] GET /api/posts/feed?page=2&limit=10
[2026-03-25T04:35:38.980Z] GET /api/posts/feed?page=2&limit=10
[2026-03-25T04:35:39.151Z] GET /api/posts/feed?page=2&limit=10
[2026-03-25T04:35:39.337Z] GET /api/posts/feed?page=2&limit=10
[2026-03-25T04:35:39.511Z] GET /api/posts/feed?page=2&limit=10
[2026-03-25T04:35:39.691Z] GET /api/posts/feed?page=2&limit=10
[2026-03-25T04:35:39.856Z] GET /api/posts/feed?page=2&limit=10
[2026-03-25T04:35:40.035Z] GET /api/posts/feed?page=2&limit=10
[2026-03-25T04:35:40.200Z] GET /api/posts/feed?page=2&limit=10
[2026-03-25T04:35:40.371Z] GET /api/posts/feed?page=2&limit=10
[2026-03-25T04:35:40.536Z] GET /api/posts/feed?page=2&limit=10
[2026-03-25T04:35:40.706Z] GET /api/posts/feed?page=2&limit=10
[2026-03-25T04:35:40.878Z] GET /api/posts/feed?page=2&limit=10
[2026-03-25T04:35:41.055Z] GET /api/posts/feed?page=2&limit=10
[2026-03-25T04:35:41.234Z] GET /api/posts/feed?page=2&limit=10
[2026-03-25T04:35:41.419Z] GET /api/posts/feed?page=2&limit=10
[2026-03-25T04:35:41.587Z] GET /api/posts/feed?page=2&limit=10
[2026-03-25T04:35:41.755Z] GET /api/posts/feed?page=2&limit=10
[2026-03-25T04:35:41.923Z] GET /api/posts/feed?page=2&limit=10
[2026-03-25T04:35:42.090Z] GET /api/posts/feed?page=2&limit=10
[2026-03-25T04:35:42.251Z] GET /api/posts/feed?page=2&limit=10
[2026-03-25T04:35:42.423Z] GET /api/posts/feed?page=2&limit=10
[2026-03-25T04:35:42.582Z] GET /api/posts/feed?page=2&limit=10
[2026-03-25T04:35:42.759Z] GET /api/posts/feed?page=2&limit=10
[2026-03-25T04:35:42.930Z] GET /api/posts/feed?page=2&limit=10
[2026-03-25T04:35:43.102Z] GET /api/posts/feed?page=2&limit=10
[2026-03-25T04:35:43.268Z] GET /api/posts/feed?page=2&limit=10
[2026-03-25T04:35:43.448Z] GET /api/posts/feed?page=2&limit=10
[2026-03-25T04:35:43.613Z] GET /api/posts/feed?page=2&limit=10
[2026-03-25T04:35:43.787Z] GET /api/posts/feed?page=2&limit=10
[2026-03-25T04:35:43.954Z] GET /api/posts/feed?page=2&limit=10
[2026-03-25T04:35:44.126Z] GET /api/posts/feed?page=2&limit=10
[2026-03-25T04:35:44.291Z] GET /api/posts/feed?page=2&limit=10
[2026-03-25T04:35:44.477Z] GET /api/posts/feed?page=2&limit=10
[2026-03-25T04:35:44.643Z] GET /api/posts/feed?page=2&limit=10
[2026-03-25T04:35:44.815Z] GET /api/posts/feed?page=2&limit=10
[2026-03-25T04:35:44.990Z] GET /api/posts/feed?page=2&limit=10
[2026-03-25T04:35:45.165Z] GET /api/posts/feed?page=2&limit=10
[2026-03-25T04:35:45.332Z] GET /api/posts/feed?page=2&limit=10
[2026-03-25T04:35:45.499Z] GET /api/posts/feed?page=2&limit=10
[2026-03-25T04:35:45.672Z] GET /api/posts/feed?page=2&limit=10
[2026-03-25T04:35:45.851Z] GET /api/posts/feed?page=2&limit=10
[2026-03-25T04:35:46.019Z] GET /api/posts/feed?page=2&limit=10
[2026-03-25T04:35:46.189Z] GET /api/posts/feed?page=2&limit=10
[2026-03-25T04:35:46.358Z] GET /api/posts/feed?page=2&limit=10
[2026-03-25T04:35:46.524Z] GET /api/posts/feed?page=2&limit=10
[2026-03-25T04:35:46.697Z] GET /api/posts/feed?page=2&limit=10
[2026-03-25T04:35:46.865Z] GET /api/posts/feed?page=2&limit=10
[2026-03-25T04:35:47.030Z] GET /api/posts/feed?page=2&limit=10
[2026-03-25T04:35:47.200Z] GET /api/posts/feed?page=2&limit=10
[2026-03-25T04:35:47.368Z] GET /api/posts/feed?page=2&limit=10
[2026-03-25T04:35:47.539Z] GET /api/posts/feed?page=2&limit=10
[2026-03-25T04:35:47.709Z] GET /api/posts/feed?page=2&limit=10
[2026-03-25T04:35:47.874Z] GET /api/posts/feed?page=2&limit=10
[2026-03-25T04:35:48.036Z] GET /api/posts/feed?page=2&limit=10
[2026-03-25T04:35:48.199Z] GET /api/posts/feed?page=2&limit=10
[2026-03-25T04:35:48.373Z] GET /api/posts/feed?page=2&limit=10
[2026-03-25T04:35:48.550Z] GET /api/posts/feed?page=2&limit=10
[2026-03-25T04:35:48.714Z] GET /api/posts/feed?page=2&limit=10
[2026-03-25T04:35:48.894Z] GET /api/posts/feed?page=2&limit=10
[2026-03-25T04:35:49.064Z] GET /api/posts/feed?page=2&limit=10
[2026-03-25T04:35:49.228Z] GET /api/posts/feed?page=2&limit=10
[2026-03-25T04:35:49.402Z] GET /api/posts/feed?page=2&limit=10
[2026-03-25T04:35:49.564Z] GET /api/posts/feed?page=2&limit=10
[2026-03-25T04:35:49.725Z] GET /api/posts/feed?page=2&limit=10
[2026-03-25T04:35:49.897Z] GET /api/posts/feed?page=2&limit=10
[2026-03-25T04:35:50.063Z] GET /api/posts/feed?page=2&limit=10
[2026-03-25T04:35:50.224Z] GET /api/posts/feed?page=2&limit=10
[2026-03-25T04:35:50.400Z] GET /api/posts/feed?page=2&limit=10
[2026-03-25T04:35:50.573Z] GET /api/posts/feed?page=2&limit=10
[2026-03-25T04:35:50.736Z] GET /api/posts/feed?page=2&limit=10
[2026-03-25T04:35:50.903Z] GET /api/posts/feed?page=2&limit=10
[2026-03-25T04:35:51.078Z] GET /api/posts/feed?page=2&limit=10
[2026-03-25T04:35:51.244Z] GET /api/posts/feed?page=2&limit=10
[2026-03-25T04:35:51.412Z] GET /api/posts/feed?page=2&limit=10
[2026-03-25T04:35:51.576Z] GET /api/posts/feed?page=2&limit=10
[2026-03-25T04:35:51.741Z] GET /api/posts/feed?page=2&limit=10
[2026-03-25T04:35:51.903Z] GET /api/posts/feed?page=2&limit=10
[2026-03-25T04:35:52.079Z] GET /api/posts/feed?page=2&limit=10
[2026-03-25T04:35:52.241Z] GET /api/posts/feed?page=2&limit=10
[2026-03-25T04:35:52.408Z] GET /api/posts/feed?page=2&limit=10
[2026-03-25T04:35:52.584Z] GET /api/posts/feed?page=2&limit=10
[2026-03-25T04:35:52.747Z] GET /api/posts/feed?page=2&limit=10
[2026-03-25T04:35:52.913Z] GET /api/posts/feed?page=2&limit=10
[2026-03-25T04:35:53.081Z] GET /api/posts/feed?page=2&limit=10
[2026-03-25T04:35:53.245Z] GET /api/posts/feed?page=2&limit=10
[2026-03-25T04:35:53.418Z] GET /api/posts/feed?page=2&limit=10
[2026-03-25T04:35:53.585Z] GET /api/posts/feed?page=2&limit=10
[2026-03-25T04:35:53.761Z] GET /api/posts/feed?page=2&limit=10
[2026-03-25T04:35:53.931Z] GET /api/posts/feed?page=2&limit=10
[2026-03-25T04:35:54.099Z] GET /api/posts/feed?page=2&limit=10
[2026-03-25T04:35:54.264Z] GET /api/posts/feed?page=2&limit=10
[2026-03-25T04:35:54.428Z] GET /api/posts/feed?page=2&limit=10
[2026-03-25T04:35:54.593Z] GET /api/posts/feed?page=2&limit=10
[2026-03-25T04:35:54.760Z] GET /api/posts/feed?page=2&limit=10
[2026-03-25T04:35:54.935Z] GET /api/posts/feed?page=2&limit=10
[2026-03-25T04:35:55.108Z] GET /api/posts/feed?page=2&limit=10
[2026-03-25T04:35:55.279Z] GET /api/posts/feed?page=2&limit=10
[2026-03-25T04:35:55.456Z] GET /api/posts/feed?page=2&limit=10
[2026-03-25T04:35:55.627Z] GET /api/posts/feed?page=2&limit=10
[2026-03-25T04:35:55.793Z] GET /api/posts/feed?page=2&limit=10
[2026-03-25T04:35:55.964Z] GET /api/posts/feed?page=2&limit=10
[2026-03-25T04:35:56.127Z] GET /api/posts/feed?page=2&limit=10
[2026-03-25T04:35:56.301Z] GET /api/posts/feed?page=2&limit=10
[2026-03-25T04:35:56.474Z] GET /api/posts/feed?page=2&limit=10
[2026-03-25T04:35:56.648Z] GET /api/posts/feed?page=2&limit=10
[2026-03-25T04:35:56.808Z] GET /api/posts/feed?page=2&limit=10
[2026-03-25T04:35:56.974Z] GET /api/posts/feed?page=2&limit=10
[2026-03-25T04:35:57.137Z] GET /api/posts/feed?page=2&limit=10
[2026-03-25T04:35:57.305Z] GET /api/posts/feed?page=2&limit=10
[2026-03-25T04:35:57.470Z] GET /api/posts/feed?page=2&limit=10
[2026-03-25T04:35:57.636Z] GET /api/posts/feed?page=2&limit=10
[2026-03-25T04:35:57.809Z] GET /api/posts/feed?page=2&limit=10
[2026-03-25T04:35:57.973Z] GET /api/posts/feed?page=2&limit=10
[2026-03-25T04:35:58.141Z] GET /api/posts/feed?page=2&limit=10
[2026-03-25T04:35:58.308Z] GET /api/posts/feed?page=2&limit=10
[2026-03-25T04:35:58.487Z] GET /api/posts/feed?page=2&limit=10
[2026-03-25T04:35:58.667Z] GET /api/posts/feed?page=2&limit=10
[2026-03-25T04:35:58.834Z] GET /api/posts/feed?page=2&limit=10
[2026-03-25T04:35:59.006Z] GET /api/posts/feed?page=2&limit=10
[2026-03-25T04:35:59.185Z] GET /api/posts/feed?page=2&limit=10
[2026-03-25T04:35:59.352Z] GET /api/posts/feed?page=2&limit=10
[2026-03-25T04:35:59.514Z] GET /api/posts/feed?page=2&limit=10
[2026-03-25T04:35:59.696Z] GET /api/posts/feed?page=2&limit=10
[2026-03-25T04:35:59.858Z] GET /api/posts/feed?page=2&limit=10
[2026-03-25T04:36:00.031Z] GET /api/posts/feed?page=2&limit=10
[2026-03-25T04:36:00.202Z] GET /api/posts/feed?page=2&limit=10
[2026-03-25T04:36:00.371Z] GET /api/posts/feed?page=2&limit=10
[2026-03-25T04:36:00.541Z] GET /api/posts/feed?page=2&limit=10
[2026-03-25T04:36:00.714Z] GET /api/posts/feed?page=2&limit=10
[2026-03-25T04:36:00.876Z] GET /api/posts/feed?page=2&limit=10
[2026-03-25T04:36:01.047Z] GET /api/posts/feed?page=2&limit=10
[2026-03-25T04:36:01.220Z] GET /api/posts/feed?page=2&limit=10
[2026-03-25T04:36:01.388Z] GET /api/posts/feed?page=2&limit=10
[2026-03-25T04:36:01.551Z] GET /api/posts/feed?page=2&limit=10
[2026-03-25T04:36:01.724Z] GET /api/posts/feed?page=2&limit=10
[2026-03-25T04:36:01.882Z] GET /api/posts/feed?page=2&limit=10
[2026-03-25T04:36:02.055Z] GET /api/posts/feed?page=2&limit=10
[2026-03-25T04:36:02.224Z] GET /api/posts/feed?page=2&limit=10
[2026-03-25T04:36:02.389Z] GET /api/posts/feed?page=2&limit=10
[2026-03-25T04:36:02.557Z] GET /api/posts/feed?page=2&limit=10
[2026-03-25T04:36:02.731Z] GET /api/posts/feed?page=2&limit=10
[2026-03-25T04:36:02.899Z] GET /api/posts/feed?page=2&limit=10
[2026-03-25T04:36:03.067Z] GET /api/posts/feed?page=2&limit=10
[2026-03-25T04:36:03.228Z] GET /api/posts/feed?page=2&limit=10
[2026-03-25T04:36:03.395Z] GET /api/posts/feed?page=2&limit=10
[2026-03-25T04:36:03.563Z] GET /api/posts/feed?page=2&limit=10
[2026-03-25T04:36:03.728Z] GET /api/posts/feed?page=2&limit=10
[2026-03-25T04:36:03.894Z] GET /api/posts/feed?page=2&limit=10
[2026-03-25T04:36:04.063Z] GET /api/posts/feed?page=2&limit=10
[2026-03-25T04:36:04.228Z] GET /api/posts/feed?page=2&limit=10
[2026-03-25T04:36:04.407Z] GET /api/posts/feed?page=2&limit=10
[2026-03-25T04:36:04.583Z] GET /api/posts/feed?page=2&limit=10
[2026-03-25T04:36:04.755Z] GET /api/posts/feed?page=2&limit=10
[2026-03-25T04:36:04.915Z] GET /api/posts/feed?page=2&limit=10
[2026-03-25T04:36:05.085Z] GET /api/posts/feed?page=2&limit=10
[2026-03-25T04:36:05.262Z] GET /api/posts/feed?page=2&limit=10
[2026-03-25T04:36:05.435Z] GET /api/posts/feed?page=2&limit=10
[2026-03-25T04:36:05.606Z] GET /api/posts/feed?page=2&limit=10
[2026-03-25T04:36:05.783Z] GET /api/posts/feed?page=2&limit=10
[2026-03-25T04:36:05.965Z] GET /api/posts/feed?page=2&limit=10
[2026-03-25T04:36:06.133Z] GET /api/posts/feed?page=2&limit=10
[2026-03-25T04:36:06.304Z] GET /api/posts/feed?page=2&limit=10
[2026-03-25T04:36:06.481Z] GET /api/posts/feed?page=2&limit=10
[2026-03-25T04:36:06.654Z] GET /api/posts/feed?page=2&limit=10
[2026-03-25T04:36:06.827Z] GET /api/posts/feed?page=2&limit=10
[2026-03-25T04:36:07.003Z] GET /api/posts/feed?page=2&limit=10
[2026-03-25T04:36:07.169Z] GET /api/posts/feed?page=2&limit=10
[2026-03-25T04:36:07.346Z] GET /api/posts/feed?page=2&limit=10
[2026-03-25T04:36:07.515Z] GET /api/posts/feed?page=2&limit=10
[2026-03-25T04:36:07.686Z] GET /api/posts/feed?page=2&limit=10
[2026-03-25T04:36:07.844Z] GET /api/posts/feed?page=2&limit=10
[2026-03-25T04:36:08.015Z] GET /api/posts/feed?page=2&limit=10
[2026-03-25T04:36:08.188Z] GET /api/posts/feed?page=2&limit=10
[2026-03-25T04:36:08.350Z] GET /api/posts/feed?page=2&limit=10
[2026-03-25T04:36:08.508Z] GET /api/posts/feed?page=2&limit=10
[2026-03-25T04:36:08.698Z] GET /api/posts/feed?page=2&limit=10
[2026-03-25T04:36:08.879Z] GET /api/posts/feed?page=2&limit=10
[2026-03-25T04:36:09.061Z] GET /api/posts/feed?page=2&limit=10
[2026-03-25T04:36:09.257Z] GET /api/posts/feed?page=2&limit=10
[2026-03-25T04:36:09.453Z] GET /api/posts/feed?page=2&limit=10
[2026-03-25T04:36:09.631Z] GET /api/posts/feed?page=2&limit=10
[2026-03-25T04:36:09.802Z] GET /api/posts/feed?page=2&limit=10
[2026-03-25T04:36:09.981Z] GET /api/posts/feed?page=2&limit=10
[2026-03-25T04:36:10.148Z] GET /api/posts/feed?page=2&limit=10
[2026-03-25T04:36:10.315Z] GET /api/posts/feed?page=2&limit=10
[2026-03-25T04:36:10.480Z] GET /api/posts/feed?page=2&limit=10
[2026-03-25T04:36:10.649Z] GET /api/posts/feed?page=2&limit=10
[2026-03-25T04:36:10.844Z] GET /api/posts/feed?page=2&limit=10
[2026-03-25T04:36:11.033Z] GET /api/posts/feed?page=2&limit=10
[2026-03-25T04:36:11.222Z] GET /api/posts/feed?page=2&limit=10
[2026-03-25T04:36:11.394Z] GET /api/posts/feed?page=2&limit=10
[2026-03-25T04:36:11.579Z] GET /api/posts/feed?page=2&limit=10
[2026-03-25T04:36:11.769Z] GET /api/posts/feed?page=2&limit=10
[2026-03-25T04:36:11.944Z] GET /api/posts/feed?page=2&limit=10
[2026-03-25T04:36:12.121Z] GET /api/posts/feed?page=2&limit=10
[2026-03-25T04:36:12.314Z] GET /api/posts/feed?page=2&limit=10
[2026-03-25T04:36:12.494Z] GET /api/posts/feed?page=2&limit=10
[2026-03-25T04:36:12.687Z] GET /api/posts/feed?page=2&limit=10
[2026-03-25T04:36:12.855Z] GET /api/posts/feed?page=2&limit=10
[2026-03-25T04:36:13.025Z] GET /api/posts/feed?page=2&limit=10
[2026-03-25T04:36:13.194Z] GET /api/posts/feed?page=2&limit=10
[2026-03-25T04:36:13.367Z] GET /api/posts/feed?page=2&limit=10
[2026-03-25T04:36:13.537Z] GET /api/posts/feed?page=2&limit=10
[2026-03-25T04:36:13.701Z] GET /api/posts/feed?page=2&limit=10
[2026-03-25T04:36:13.877Z] GET /api/posts/feed?page=2&limit=10
[2026-03-25T04:36:14.061Z] GET /api/posts/feed?page=2&limit=10
[2026-03-25T04:36:14.232Z] GET /api/posts/feed?page=2&limit=10
[2026-03-25T04:36:14.405Z] GET /api/posts/feed?page=2&limit=10
[2026-03-25T04:36:14.582Z] GET /api/posts/feed?page=2&limit=10
[2026-03-25T04:36:14.748Z] GET /api/posts/feed?page=2&limit=10
[2026-03-25T04:36:14.917Z] GET /api/posts/feed?page=2&limit=10
[2026-03-25T04:36:15.084Z] GET /api/posts/feed?page=2&limit=10
[2026-03-25T04:36:15.247Z] GET /api/posts/feed?page=2&limit=10
[2026-03-25T04:36:15.420Z] GET /api/posts/feed?page=2&limit=10
[2026-03-25T04:36:15.598Z] GET /api/posts/feed?page=2&limit=10
[2026-03-25T04:36:15.771Z] GET /api/posts/feed?page=2&limit=10
[2026-03-25T04:36:15.931Z] GET /api/posts/feed?page=2&limit=10
[2026-03-25T04:36:16.104Z] GET /api/posts/feed?page=2&limit=10
[2026-03-25T04:36:16.277Z] GET /api/posts/feed?page=2&limit=10
[2026-03-25T04:36:16.434Z] GET /api/posts/feed?page=2&limit=10
[2026-03-25T04:36:16.605Z] GET /api/posts/feed?page=2&limit=10
[2026-03-25T04:36:16.772Z] GET /api/posts/feed?page=2&limit=10
[2026-03-25T04:36:16.942Z] GET /api/posts/feed?page=2&limit=10
[2026-03-25T04:36:17.115Z] GET /api/posts/feed?page=2&limit=10
[2026-03-25T04:36:17.315Z] GET /api/posts/feed?page=2&limit=10
[2026-03-25T04:36:17.488Z] GET /api/posts/feed?page=2&limit=10
[2026-03-25T04:36:17.668Z] GET /api/posts/feed?page=2&limit=10
[2026-03-25T04:36:17.838Z] GET /api/posts/feed?page=2&limit=10
[2026-03-25T04:36:18.005Z] GET /api/posts/feed?page=2&limit=10
[2026-03-25T04:36:18.176Z] GET /api/posts/feed?page=2&limit=10
[2026-03-25T04:36:18.349Z] GET /api/posts/feed?page=2&limit=10
[2026-03-25T04:36:18.513Z] GET /api/posts/feed?page=2&limit=10
[2026-03-25T04:36:18.677Z] GET /api/posts/feed?page=2&limit=10
[2026-03-25T04:36:18.851Z] GET /api/posts/feed?page=2&limit=10
[2026-03-25T04:36:19.021Z] GET /api/posts/feed?page=2&limit=10
[2026-03-25T04:36:19.203Z] GET /api/posts/feed?page=2&limit=10
[2026-03-25T04:36:19.380Z] GET /api/posts/feed?page=2&limit=10
[2026-03-25T04:36:19.540Z] GET /api/posts/feed?page=2&limit=10
[2026-03-25T04:36:19.698Z] GET /api/posts/feed?page=2&limit=10
[2026-03-25T04:36:19.877Z] GET /api/posts/feed?page=2&limit=10
[2026-03-25T04:36:20.037Z] GET /api/posts/feed?page=2&limit=10
[2026-03-25T04:36:20.202Z] GET /api/posts/feed?page=2&limit=10
[2026-03-25T04:36:20.365Z] GET /api/posts/feed?page=2&limit=10
[2026-03-25T04:36:20.534Z] GET /api/posts/feed?page=2&limit=10
[2026-03-25T04:36:20.704Z] GET /api/posts/feed?page=2&limit=10
[2026-03-25T04:36:20.875Z] GET /api/posts/feed?page=2&limit=10
[2026-03-25T04:36:21.045Z] GET /api/posts/feed?page=2&limit=10
[2026-03-25T04:36:21.213Z] GET /api/posts/feed?page=2&limit=10
[2026-03-25T04:36:21.383Z] GET /api/posts/feed?page=2&limit=10
[2026-03-25T04:36:21.551Z] GET /api/posts/feed?page=2&limit=10
[2026-03-25T04:36:21.722Z] GET /api/posts/feed?page=2&limit=10
[2026-03-25T04:36:21.894Z] GET /api/posts/feed?page=2&limit=10
[2026-03-25T04:36:22.078Z] GET /api/posts/feed?page=2&limit=10
[2026-03-25T04:36:22.244Z] GET /api/posts/feed?page=2&limit=10
[2026-03-25T04:36:22.417Z] GET /api/posts/feed?page=2&limit=10
[2026-03-25T04:36:22.588Z] GET /api/posts/feed?page=2&limit=10
[2026-03-25T04:36:22.753Z] GET /api/posts/feed?page=2&limit=10
[2026-03-25T04:36:22.923Z] GET /api/posts/feed?page=2&limit=10
[2026-03-25T04:36:23.104Z] GET /api/posts/feed?page=2&limit=10
[2026-03-25T04:36:23.272Z] GET /api/posts/feed?page=2&limit=10
[2026-03-25T04:36:23.445Z] GET /api/posts/feed?page=2&limit=10
[2026-03-25T04:36:23.609Z] GET /api/posts/feed?page=2&limit=10
[2026-03-25T04:36:23.779Z] GET /api/posts/feed?page=2&limit=10
[2026-03-25T04:36:23.955Z] GET /api/posts/feed?page=2&limit=10
[2026-03-25T04:36:24.121Z] GET /api/posts/feed?page=2&limit=10
[2026-03-25T04:36:24.289Z] GET /api/posts/feed?page=2&limit=10
[2026-03-25T04:36:24.454Z] GET /api/posts/feed?page=2&limit=10
[2026-03-25T04:36:24.630Z] GET /api/posts/feed?page=2&limit=10
[2026-03-25T04:36:24.811Z] GET /api/posts/feed?page=2&limit=10
[2026-03-25T04:36:24.986Z] GET /api/posts/feed?page=2&limit=10
[2026-03-25T04:36:25.163Z] GET /api/posts/feed?page=2&limit=10
[2026-03-25T04:36:25.334Z] GET /api/posts/feed?page=2&limit=10
[2026-03-25T04:36:25.508Z] GET /api/posts/feed?page=2&limit=10
[2026-03-25T04:36:25.695Z] GET /api/posts/feed?page=2&limit=10
[2026-03-25T04:36:25.864Z] GET /api/posts/feed?page=2&limit=10
[2026-03-25T04:36:26.031Z] GET /api/posts/feed?page=2&limit=10
[2026-03-25T04:36:26.200Z] GET /api/posts/feed?page=2&limit=10
[2026-03-25T04:36:26.367Z] GET /api/posts/feed?page=2&limit=10
[2026-03-25T04:36:26.532Z] GET /api/posts/feed?page=2&limit=10
[2026-03-25T04:36:26.695Z] GET /api/posts/feed?page=2&limit=10
[2026-03-25T04:36:26.863Z] GET /api/posts/feed?page=2&limit=10
[2026-03-25T04:36:27.031Z] GET /api/posts/feed?page=2&limit=10
[2026-03-25T04:36:27.205Z] GET /api/posts/feed?page=2&limit=10
[2026-03-25T04:36:27.363Z] GET /api/posts/feed?page=2&limit=10
[2026-03-25T04:36:27.546Z] GET /api/posts/feed?page=2&limit=10
[2026-03-25T04:36:27.706Z] GET /api/posts/feed?page=2&limit=10
[2026-03-25T04:36:27.873Z] GET /api/posts/feed?page=2&limit=10
[2026-03-25T04:36:28.032Z] GET /api/posts/feed?page=2&limit=10
[2026-03-25T04:36:28.203Z] GET /api/posts/feed?page=2&limit=10
[2026-03-25T04:36:28.374Z] GET /api/posts/feed?page=2&limit=10
[2026-03-25T04:36:28.542Z] GET /api/posts/feed?page=2&limit=10
[2026-03-25T04:36:28.712Z] GET /api/posts/feed?page=2&limit=10
[2026-03-25T04:36:28.887Z] GET /api/posts/feed?page=2&limit=10
[2026-03-25T04:36:29.060Z] GET /api/posts/feed?page=2&limit=10
[2026-03-25T04:36:29.229Z] GET /api/posts/feed?page=2&limit=10
[2026-03-25T04:36:29.400Z] GET /api/posts/feed?page=2&limit=10
[2026-03-25T04:36:29.567Z] GET /api/posts/feed?page=2&limit=10
[2026-03-25T04:36:29.746Z] GET /api/posts/feed?page=2&limit=10
[2026-03-25T04:36:29.911Z] GET /api/posts/feed?page=2&limit=10
[2026-03-25T04:36:30.084Z] GET /api/posts/feed?page=2&limit=10
[2026-03-25T04:36:30.252Z] GET /api/posts/feed?page=2&limit=10
[2026-03-25T04:36:30.419Z] GET /api/posts/feed?page=2&limit=10
[2026-03-25T04:36:30.589Z] GET /api/posts/feed?page=2&limit=10
[2026-03-25T04:36:30.756Z] GET /api/posts/feed?page=2&limit=10
[2026-03-25T04:36:30.923Z] GET /api/posts/feed?page=2&limit=10
[2026-03-25T04:36:31.087Z] GET /api/posts/feed?page=2&limit=10
[2026-03-25T04:36:31.250Z] GET /api/posts/feed?page=2&limit=10
[2026-03-25T04:36:31.415Z] GET /api/posts/feed?page=2&limit=10
[2026-03-25T04:36:31.580Z] GET /api/posts/feed?page=2&limit=10
[2026-03-25T04:36:31.747Z] GET /api/posts/feed?page=2&limit=10
[2026-03-25T04:36:31.919Z] GET /api/posts/feed?page=2&limit=10
[2026-03-25T04:36:32.083Z] GET /api/posts/feed?page=2&limit=10
[2026-03-25T04:36:32.247Z] GET /api/posts/feed?page=2&limit=10
[2026-03-25T04:36:32.416Z] GET /api/posts/feed?page=2&limit=10
[2026-03-25T04:36:32.585Z] GET /api/posts/feed?page=2&limit=10
[2026-03-25T04:36:32.756Z] GET /api/posts/feed?page=2&limit=10
[2026-03-25T04:36:32.915Z] GET /api/posts/feed?page=2&limit=10
[2026-03-25T04:36:33.084Z] GET /api/posts/feed?page=2&limit=10
[2026-03-25T04:36:33.256Z] GET /api/posts/feed?page=2&limit=10
[2026-03-25T04:36:33.425Z] GET /api/posts/feed?page=2&limit=10
[2026-03-25T04:36:33.591Z] GET /api/posts/feed?page=2&limit=10
[2026-03-25T04:36:33.766Z] GET /api/posts/feed?page=2&limit=10
[2026-03-25T04:36:33.934Z] GET /api/posts/feed?page=2&limit=10
[2026-03-25T04:36:34.111Z] GET /api/posts/feed?page=2&limit=10
[2026-03-25T04:36:34.292Z] GET /api/posts/feed?page=2&limit=10
[2026-03-25T04:36:34.474Z] GET /api/posts/feed?page=2&limit=10
[2026-03-25T04:36:34.647Z] GET /api/posts/feed?page=2&limit=10
[2026-03-25T04:36:34.814Z] GET /api/posts/feed?page=2&limit=10
[2026-03-25T04:36:34.981Z] GET /api/posts/feed?page=2&limit=10
[2026-03-25T04:36:35.154Z] GET /api/posts/feed?page=2&limit=10
[2026-03-25T04:36:35.327Z] GET /api/posts/feed?page=2&limit=10
[2026-03-25T04:36:35.498Z] GET /api/posts/feed?page=2&limit=10
[2026-03-25T04:36:35.685Z] GET /api/posts/feed?page=2&limit=10
[2026-03-25T04:36:35.857Z] GET /api/posts/feed?page=2&limit=10
[2026-03-25T04:36:36.029Z] GET /api/posts/feed?page=2&limit=10
[2026-03-25T04:36:36.200Z] GET /api/posts/feed?page=2&limit=10
[2026-03-25T04:36:36.374Z] GET /api/posts/feed?page=2&limit=10
[2026-03-25T04:36:36.536Z] GET /api/posts/feed?page=2&limit=10
[2026-03-25T04:36:36.701Z] GET /api/posts/feed?page=2&limit=10
[2026-03-25T04:36:36.871Z] GET /api/posts/feed?page=2&limit=10
[2026-03-25T04:36:37.052Z] GET /api/posts/feed?page=2&limit=10
[2026-03-25T04:36:37.225Z] GET /api/posts/feed?page=2&limit=10
[2026-03-25T04:36:37.389Z] GET /api/posts/feed?page=2&limit=10
[2026-03-25T04:36:37.550Z] GET /api/posts/feed?page=2&limit=10
[2026-03-25T04:36:37.717Z] GET /api/posts/feed?page=2&limit=10
[2026-03-25T04:36:37.879Z] GET /api/posts/feed?page=2&limit=10
[2026-03-25T04:36:38.056Z] GET /api/posts/feed?page=2&limit=10
[2026-03-25T04:36:38.219Z] GET /api/posts/feed?page=2&limit=10
[2026-03-25T04:36:38.383Z] GET /api/posts/feed?page=2&limit=10
[2026-03-25T04:36:38.551Z] GET /api/posts/feed?page=2&limit=10
[2026-03-25T04:36:38.716Z] GET /api/posts/feed?page=2&limit=10
[2026-03-25T04:36:38.891Z] GET /api/posts/feed?page=2&limit=10
[2026-03-25T04:36:39.053Z] GET /api/posts/feed?page=2&limit=10
[2026-03-25T04:36:39.224Z] GET /api/posts/feed?page=2&limit=10
[2026-03-25T04:36:39.395Z] GET /api/posts/feed?page=2&limit=10
[2026-03-25T04:36:39.559Z] GET /api/posts/feed?page=2&limit=10
[2026-03-25T04:36:39.737Z] GET /api/posts/feed?page=2&limit=10
[2026-03-25T04:36:39.901Z] GET /api/posts/feed?page=2&limit=10
[2026-03-25T04:36:40.075Z] GET /api/posts/feed?page=2&limit=10
[2026-03-25T04:36:40.243Z] GET /api/posts/feed?page=2&limit=10
[2026-03-25T04:36:40.405Z] GET /api/posts/feed?page=2&limit=10
[2026-03-25T04:36:40.576Z] GET /api/posts/feed?page=2&limit=10
[2026-03-25T04:36:40.743Z] GET /api/posts/feed?page=2&limit=10
[2026-03-25T04:36:40.907Z] GET /api/posts/feed?page=2&limit=10
[2026-03-25T04:36:41.078Z] GET /api/posts/feed?page=2&limit=10
[2026-03-25T04:36:41.245Z] GET /api/posts/feed?page=2&limit=10
[2026-03-25T04:36:41.408Z] GET /api/posts/feed?page=2&limit=10
[2026-03-25T04:36:41.581Z] GET /api/posts/feed?page=2&limit=10
[2026-03-25T04:36:41.739Z] GET /api/posts/feed?page=2&limit=10
[2026-03-25T04:36:41.904Z] GET /api/posts/feed?page=2&limit=10
[2026-03-25T04:36:42.077Z] GET /api/posts/feed?page=2&limit=10
[2026-03-25T04:36:42.249Z] GET /api/posts/feed?page=2&limit=10
[2026-03-25T04:36:42.428Z] GET /api/posts/feed?page=2&limit=10
[2026-03-25T04:36:42.601Z] GET /api/posts/feed?page=2&limit=10
[2026-03-25T04:36:42.772Z] GET /api/posts/feed?page=2&limit=10
[2026-03-25T04:36:42.937Z] GET /api/posts/feed?page=2&limit=10
[2026-03-25T04:36:43.097Z] GET /api/posts/feed?page=2&limit=10
[2026-03-25T04:36:43.272Z] GET /api/posts/feed?page=2&limit=10
[2026-03-25T04:36:43.444Z] GET /api/posts/feed?page=2&limit=10
[2026-03-25T04:36:43.609Z] GET /api/posts/feed?page=2&limit=10
[2026-03-25T04:36:43.777Z] GET /api/posts/feed?page=2&limit=10
[2026-03-25T04:36:43.948Z] GET /api/posts/feed?page=2&limit=10
[2026-03-25T04:36:44.114Z] GET /api/posts/feed?page=2&limit=10
[2026-03-25T04:36:44.291Z] GET /api/posts/feed?page=2&limit=10
[2026-03-25T04:36:44.451Z] GET /api/posts/feed?page=2&limit=10
[2026-03-25T04:36:44.622Z] GET /api/posts/feed?page=2&limit=10
[2026-03-25T04:36:44.800Z] GET /api/posts/feed?page=2&limit=10
[2026-03-25T04:36:44.966Z] GET /api/posts/feed?page=2&limit=10
[2026-03-25T04:36:45.131Z] GET /api/posts/feed?page=2&limit=10
[2026-03-25T04:36:45.302Z] GET /api/posts/feed?page=2&limit=10
[2026-03-25T04:36:45.466Z] GET /api/posts/feed?page=2&limit=10
[2026-03-25T04:36:45.629Z] GET /api/posts/feed?page=2&limit=10
[2026-03-25T04:36:45.796Z] GET /api/posts/feed?page=2&limit=10
[2026-03-25T04:36:45.973Z] GET /api/posts/feed?page=2&limit=10
[2026-03-25T04:36:46.145Z] GET /api/posts/feed?page=2&limit=10
[2026-03-25T04:36:46.315Z] GET /api/posts/feed?page=2&limit=10
[2026-03-25T04:36:46.495Z] GET /api/posts/feed?page=2&limit=10
[2026-03-25T04:36:46.663Z] GET /api/posts/feed?page=2&limit=10
[2026-03-25T04:36:46.824Z] GET /api/posts/feed?page=2&limit=10
[2026-03-25T04:36:47.018Z] GET /api/posts/feed?page=2&limit=10
[2026-03-25T04:36:47.193Z] GET /api/posts/feed?page=2&limit=10
[2026-03-25T04:36:47.360Z] GET /api/posts/feed?page=2&limit=10
[2026-03-25T04:36:47.528Z] GET /api/posts/feed?page=2&limit=10
[2026-03-25T04:36:47.691Z] GET /api/posts/feed?page=2&limit=10
[2026-03-25T04:36:47.862Z] GET /api/posts/feed?page=2&limit=10
[2026-03-25T04:36:48.036Z] GET /api/posts/feed?page=2&limit=10
[2026-03-25T04:36:48.198Z] GET /api/posts/feed?page=2&limit=10
[2026-03-25T04:36:48.368Z] GET /api/posts/feed?page=2&limit=10
[2026-03-25T04:36:48.533Z] GET /api/posts/feed?page=2&limit=10
[2026-03-25T04:36:48.704Z] GET /api/posts/feed?page=2&limit=10
[2026-03-25T04:36:48.877Z] GET /api/posts/feed?page=2&limit=10
[2026-03-25T04:36:49.044Z] GET /api/posts/feed?page=2&limit=10
[2026-03-25T04:36:49.254Z] GET /api/posts/feed?page=2&limit=10
[2026-03-25T04:36:49.444Z] GET /api/posts/feed?page=2&limit=10
[2026-03-25T04:36:49.618Z] GET /api/posts/feed?page=2&limit=10
[2026-03-25T04:36:49.782Z] GET /api/posts/feed?page=2&limit=10
[2026-03-25T04:36:49.947Z] GET /api/posts/feed?page=2&limit=10
[2026-03-25T04:36:50.128Z] GET /api/posts/feed?page=2&limit=10
[2026-03-25T04:36:50.303Z] GET /api/posts/feed?page=2&limit=10
[2026-03-25T04:36:50.464Z] GET /api/posts/feed?page=2&limit=10
[2026-03-25T04:36:50.633Z] GET /api/posts/feed?page=2&limit=10
[2026-03-25T04:36:50.796Z] GET /api/posts/feed?page=2&limit=10
[2026-03-25T04:36:50.959Z] GET /api/posts/feed?page=2&limit=10
[2026-03-25T04:36:51.141Z] GET /api/posts/feed?page=2&limit=10
[2026-03-25T04:36:51.309Z] GET /api/posts/feed?page=2&limit=10
[2026-03-25T04:36:51.471Z] GET /api/posts/feed?page=2&limit=10
[2026-03-25T04:36:51.640Z] GET /api/posts/feed?page=2&limit=10
[2026-03-25T04:36:51.819Z] GET /api/posts/feed?page=2&limit=10
[2026-03-25T04:36:51.981Z] GET /api/posts/feed?page=2&limit=10
[2026-03-25T04:36:52.154Z] GET /api/posts/feed?page=2&limit=10
[2026-03-25T04:36:52.324Z] GET /api/posts/feed?page=2&limit=10
[2026-03-25T04:36:52.497Z] GET /api/posts/feed?page=2&limit=10
[2026-03-25T04:36:52.667Z] GET /api/posts/feed?page=2&limit=10
[2026-03-25T04:36:52.841Z] GET /api/posts/feed?page=2&limit=10
[2026-03-25T04:36:53.020Z] GET /api/posts/feed?page=2&limit=10
[2026-03-25T04:36:53.195Z] GET /api/posts/feed?page=2&limit=10
[2026-03-25T04:36:53.364Z] GET /api/posts/feed?page=2&limit=10
[2026-03-25T04:36:53.531Z] GET /api/posts/feed?page=2&limit=10
[2026-03-25T04:36:53.703Z] GET /api/posts/feed?page=2&limit=10
[2026-03-25T04:36:53.875Z] GET /api/posts/feed?page=2&limit=10
[2026-03-25T04:36:54.057Z] GET /api/posts/feed?page=2&limit=10
[2026-03-25T04:36:54.225Z] GET /api/posts/feed?page=2&limit=10
[2026-03-25T04:36:54.405Z] GET /api/posts/feed?page=2&limit=10
[2026-03-25T04:36:54.576Z] GET /api/posts/feed?page=2&limit=10
[2026-03-25T04:36:54.737Z] GET /api/posts/feed?page=2&limit=10
[2026-03-25T04:36:54.901Z] GET /api/posts/feed?page=2&limit=10
[2026-03-25T04:36:55.074Z] GET /api/posts/feed?page=2&limit=10
[2026-03-25T04:36:55.243Z] GET /api/posts/feed?page=2&limit=10
[2026-03-25T04:36:55.417Z] GET /api/posts/feed?page=2&limit=10
[2026-03-25T04:36:55.592Z] GET /api/posts/feed?page=2&limit=10
[2026-03-25T04:36:55.762Z] GET /api/posts/feed?page=2&limit=10
[2026-03-25T04:36:55.939Z] GET /api/posts/feed?page=2&limit=10
[2026-03-25T04:36:56.102Z] GET /api/posts/feed?page=2&limit=10
[2026-03-25T04:36:56.267Z] GET /api/posts/feed?page=2&limit=10
[2026-03-25T04:36:56.432Z] GET /api/posts/feed?page=2&limit=10
[2026-03-25T04:36:56.610Z] GET /api/posts/feed?page=2&limit=10
[2026-03-25T04:36:56.784Z] GET /api/posts/feed?page=2&limit=10
[2026-03-25T04:36:56.962Z] GET /api/posts/feed?page=2&limit=10
[2026-03-25T04:36:57.142Z] GET /api/posts/feed?page=2&limit=10
[2026-03-25T04:36:57.315Z] GET /api/posts/feed?page=2&limit=10
[2026-03-25T04:36:57.485Z] GET /api/posts/feed?page=2&limit=10
[2026-03-25T04:36:57.658Z] GET /api/posts/feed?page=2&limit=10
[2026-03-25T04:36:57.835Z] GET /api/posts/feed?page=2&limit=10
[2026-03-25T04:36:58.008Z] GET /api/posts/feed?page=2&limit=10
[2026-03-25T04:36:58.178Z] GET /api/posts/feed?page=2&limit=10
[2026-03-25T04:36:58.343Z] GET /api/posts/feed?page=2&limit=10
[2026-03-25T04:36:58.529Z] GET /api/posts/feed?page=2&limit=10
[2026-03-25T04:36:58.708Z] GET /api/posts/feed?page=2&limit=10
[2026-03-25T04:36:58.871Z] GET /api/posts/feed?page=2&limit=10
[2026-03-25T04:36:59.048Z] GET /api/posts/feed?page=2&limit=10
[2026-03-25T04:36:59.219Z] GET /api/posts/feed?page=2&limit=10
[2026-03-25T04:36:59.388Z] GET /api/posts/feed?page=2&limit=10
[2026-03-25T04:36:59.574Z] GET /api/posts/feed?page=2&limit=10
[2026-03-25T04:36:59.735Z] GET /api/posts/feed?page=2&limit=10
[2026-03-25T04:36:59.905Z] GET /api/posts/feed?page=2&limit=10
[2026-03-25T04:37:00.074Z] GET /api/posts/feed?page=2&limit=10
[2026-03-25T04:37:00.247Z] GET /api/posts/feed?page=2&limit=10
[2026-03-25T04:37:00.416Z] GET /api/posts/feed?page=2&limit=10
[2026-03-25T04:37:00.582Z] GET /api/posts/feed?page=2&limit=10
[2026-03-25T04:37:00.740Z] GET /api/posts/feed?page=2&limit=10
[2026-03-25T04:37:00.915Z] GET /api/posts/feed?page=2&limit=10
[2026-03-25T04:37:01.090Z] GET /api/posts/feed?page=2&limit=10
[2026-03-25T04:37:01.251Z] GET /api/posts/feed?page=2&limit=10
[2026-03-25T04:37:01.416Z] GET /api/posts/feed?page=2&limit=10
[2026-03-25T04:37:01.582Z] GET /api/posts/feed?page=2&limit=10
[2026-03-25T04:37:01.754Z] GET /api/posts/feed?page=2&limit=10
[2026-03-25T04:37:01.924Z] GET /api/posts/feed?page=2&limit=10
[2026-03-25T04:37:02.101Z] GET /api/posts/feed?page=2&limit=10
[2026-03-25T04:37:02.267Z] GET /api/posts/feed?page=2&limit=10
[2026-03-25T04:37:02.436Z] GET /api/posts/feed?page=2&limit=10
[2026-03-25T04:37:02.601Z] GET /api/posts/feed?page=2&limit=10
[2026-03-25T04:37:02.771Z] GET /api/posts/feed?page=2&limit=10
[2026-03-25T04:37:02.946Z] GET /api/posts/feed?page=2&limit=10
[2026-03-25T04:37:03.124Z] GET /api/posts/feed?page=2&limit=10
[2026-03-25T04:37:03.299Z] GET /api/posts/feed?page=2&limit=10
[2026-03-25T04:37:03.469Z] GET /api/posts/feed?page=2&limit=10
[2026-03-25T04:37:03.635Z] GET /api/posts/feed?page=2&limit=10
[2026-03-25T04:37:03.807Z] GET /api/posts/feed?page=2&limit=10
[2026-03-25T04:37:03.988Z] GET /api/posts/feed?page=2&limit=10
[2026-03-25T04:37:04.167Z] GET /api/posts/feed?page=2&limit=10
[2026-03-25T04:37:04.336Z] GET /api/posts/feed?page=2&limit=10
[2026-03-25T04:37:04.505Z] GET /api/posts/feed?page=2&limit=10
[2026-03-25T04:37:04.676Z] GET /api/posts/feed?page=2&limit=10
[2026-03-25T04:37:04.858Z] GET /api/posts/feed?page=2&limit=10
[2026-03-25T04:37:05.032Z] GET /api/posts/feed?page=2&limit=10
[2026-03-25T04:37:05.195Z] GET /api/posts/feed?page=2&limit=10
[2026-03-25T04:37:05.359Z] GET /api/posts/feed?page=2&limit=10
[2026-03-25T04:37:05.521Z] GET /api/posts/feed?page=2&limit=10
[2026-03-25T04:37:05.684Z] GET /api/posts/feed?page=2&limit=10
[2026-03-25T04:37:05.853Z] GET /api/posts/feed?page=2&limit=10
[2026-03-25T04:37:06.029Z] GET /api/posts/feed?page=2&limit=10
[2026-03-25T04:37:06.199Z] GET /api/posts/feed?page=2&limit=10
[2026-03-25T04:37:06.369Z] GET /api/posts/feed?page=2&limit=10
[2026-03-25T04:37:06.532Z] GET /api/posts/feed?page=2&limit=10
[2026-03-25T04:37:06.708Z] GET /api/posts/feed?page=2&limit=10
[2026-03-25T04:37:06.866Z] GET /api/posts/feed?page=2&limit=10
[2026-03-25T04:37:07.043Z] GET /api/posts/feed?page=2&limit=10
[2026-03-25T04:37:07.214Z] GET /api/posts/feed?page=2&limit=10
[2026-03-25T04:37:07.388Z] GET /api/posts/feed?page=2&limit=10
[2026-03-25T04:37:07.559Z] GET /api/posts/feed?page=2&limit=10
[2026-03-25T04:37:07.724Z] GET /api/posts/feed?page=2&limit=10
[2026-03-25T04:37:07.883Z] GET /api/posts/feed?page=2&limit=10
[2026-03-25T04:37:08.068Z] GET /api/posts/feed?page=2&limit=10
[2026-03-25T04:37:08.239Z] GET /api/posts/feed?page=2&limit=10
[2026-03-25T04:37:08.406Z] GET /api/posts/feed?page=2&limit=10
[2026-03-25T04:37:08.582Z] GET /api/posts/feed?page=2&limit=10
[2026-03-25T04:37:08.755Z] GET /api/posts/feed?page=2&limit=10
[2026-03-25T04:37:08.920Z] GET /api/posts/feed?page=2&limit=10
[2026-03-25T04:37:09.088Z] GET /api/posts/feed?page=2&limit=10
[2026-03-25T04:37:09.268Z] GET /api/posts/feed?page=2&limit=10
[2026-03-25T04:37:09.444Z] GET /api/posts/feed?page=2&limit=10
[2026-03-25T04:37:09.605Z] GET /api/posts/feed?page=2&limit=10
[2026-03-25T04:37:09.783Z] GET /api/posts/feed?page=2&limit=10
[2026-03-25T04:37:09.950Z] GET /api/posts/feed?page=2&limit=10
[2026-03-25T04:37:10.110Z] GET /api/posts/feed?page=2&limit=10
[2026-03-25T04:37:10.285Z] GET /api/posts/feed?page=2&limit=10
[2026-03-25T04:37:10.451Z] GET /api/posts/feed?page=2&limit=10
[2026-03-25T04:37:10.618Z] GET /api/posts/feed?page=2&limit=10
[2026-03-25T04:37:10.785Z] GET /api/posts/feed?page=2&limit=10
[2026-03-25T04:37:10.958Z] GET /api/posts/feed?page=2&limit=10
[2026-03-25T04:37:11.129Z] GET /api/posts/feed?page=2&limit=10
[2026-03-25T04:37:11.319Z] GET /api/posts/feed?page=2&limit=10
[2026-03-25T04:37:11.507Z] GET /api/posts/feed?page=2&limit=10
[2026-03-25T04:37:11.683Z] GET /api/posts/feed?page=2&limit=10
[2026-03-25T04:37:11.867Z] GET /api/posts/feed?page=2&limit=10
[2026-03-25T04:37:12.041Z] GET /api/posts/feed?page=2&limit=10
[2026-03-25T04:37:12.213Z] GET /api/posts/feed?page=2&limit=10
[2026-03-25T04:37:12.387Z] GET /api/posts/feed?page=2&limit=10
[2026-03-25T04:37:12.555Z] GET /api/posts/feed?page=2&limit=10
[2026-03-25T04:37:12.755Z] GET /api/posts/feed?page=2&limit=10
[2026-03-25T04:37:12.935Z] GET /api/posts/feed?page=2&limit=10
[2026-03-25T04:37:13.111Z] GET /api/posts/feed?page=2&limit=10
[2026-03-25T04:37:13.291Z] GET /api/posts/feed?page=2&limit=10
[2026-03-25T04:37:13.475Z] GET /api/posts/feed?page=2&limit=10
[2026-03-25T04:37:13.654Z] GET /api/posts/feed?page=2&limit=10
[2026-03-25T04:37:13.831Z] GET /api/posts/feed?page=2&limit=10
[2026-03-25T04:37:14.009Z] GET /api/posts/feed?page=2&limit=10
[2026-03-25T04:37:14.205Z] GET /api/posts/feed?page=2&limit=10
[2026-03-25T04:37:14.379Z] GET /api/posts/feed?page=2&limit=10
[2026-03-25T04:37:14.549Z] GET /api/posts/feed?page=2&limit=10
[2026-03-25T04:37:14.726Z] GET /api/posts/feed?page=2&limit=10
[2026-03-25T04:37:14.905Z] GET /api/posts/feed?page=2&limit=10
[2026-03-25T04:37:15.108Z] GET /api/posts/feed?page=2&limit=10
[2026-03-25T04:37:15.277Z] GET /api/posts/feed?page=2&limit=10
[2026-03-25T04:37:15.446Z] GET /api/posts/feed?page=2&limit=10
[2026-03-25T04:37:15.619Z] GET /api/posts/feed?page=2&limit=10
[2026-03-25T04:37:15.802Z] GET /api/posts/feed?page=2&limit=10
[2026-03-25T04:37:15.969Z] GET /api/posts/feed?page=2&limit=10
[2026-03-25T04:37:16.157Z] GET /api/posts/feed?page=2&limit=10
[2026-03-25T04:37:16.330Z] GET /api/posts/feed?page=2&limit=10
[2026-03-25T04:37:16.502Z] GET /api/posts/feed?page=2&limit=10
[2026-03-25T04:37:16.676Z] GET /api/posts/feed?page=2&limit=10
[2026-03-25T04:37:16.848Z] GET /api/posts/feed?page=2&limit=10
[2026-03-25T04:37:17.075Z] GET /api/posts/feed?page=2&limit=10
[2026-03-25T04:37:17.246Z] GET /api/posts/feed?page=2&limit=10
[2026-03-25T04:37:17.409Z] GET /api/posts/feed?page=2&limit=10
[2026-03-25T04:37:17.580Z] GET /api/posts/feed?page=2&limit=10
[2026-03-25T04:37:17.753Z] GET /api/posts/feed?page=2&limit=10
[2026-03-25T04:37:17.929Z] GET /api/posts/feed?page=2&limit=10
[2026-03-25T04:37:18.103Z] GET /api/posts/feed?page=2&limit=10
[2026-03-25T04:37:18.270Z] GET /api/posts/feed?page=2&limit=10
[2026-03-25T04:37:18.436Z] GET /api/posts/feed?page=2&limit=10
[2026-03-25T04:37:18.606Z] GET /api/posts/feed?page=2&limit=10
[2026-03-25T04:37:18.770Z] GET /api/posts/feed?page=2&limit=10
[2026-03-25T04:37:18.939Z] GET /api/posts/feed?page=2&limit=10
[2026-03-25T04:37:19.115Z] GET /api/posts/feed?page=2&limit=10
[2026-03-25T04:37:19.282Z] GET /api/posts/feed?page=2&limit=10
[2026-03-25T04:37:19.448Z] GET /api/posts/feed?page=2&limit=10
[2026-03-25T04:37:19.612Z] GET /api/posts/feed?page=2&limit=10
[2026-03-25T04:37:19.785Z] GET /api/posts/feed?page=2&limit=10
[2026-03-25T04:37:19.959Z] GET /api/posts/feed?page=2&limit=10
[2026-03-25T04:37:20.126Z] GET /api/posts/feed?page=2&limit=10
[2026-03-25T04:37:20.292Z] GET /api/posts/feed?page=2&limit=10
[2026-03-25T04:37:20.458Z] GET /api/posts/feed?page=2&limit=10
[2026-03-25T04:37:20.623Z] GET /api/posts/feed?page=2&limit=10
[2026-03-25T04:37:20.791Z] GET /api/posts/feed?page=2&limit=10
[2026-03-25T04:37:20.965Z] GET /api/posts/feed?page=2&limit=10
[2026-03-25T04:37:21.134Z] GET /api/posts/feed?page=2&limit=10
[2026-03-25T04:37:21.307Z] GET /api/posts/feed?page=2&limit=10
[2026-03-25T04:37:21.477Z] GET /api/posts/feed?page=2&limit=10
[2026-03-25T04:37:21.651Z] GET /api/posts/feed?page=2&limit=10
[2026-03-25T04:37:21.823Z] GET /api/posts/feed?page=2&limit=10
[2026-03-25T04:37:21.984Z] GET /api/posts/feed?page=2&limit=10
[2026-03-25T04:37:22.148Z] GET /api/posts/feed?page=2&limit=10
[2026-03-25T04:37:22.314Z] GET /api/posts/feed?page=2&limit=10
[2026-03-25T04:37:22.478Z] GET /api/posts/feed?page=2&limit=10
[2026-03-25T04:37:22.653Z] GET /api/posts/feed?page=2&limit=10
[2026-03-25T04:37:22.826Z] GET /api/posts/feed?page=2&limit=10
[2026-03-25T04:37:22.992Z] GET /api/posts/feed?page=2&limit=10
[2026-03-25T04:37:23.168Z] GET /api/posts/feed?page=2&limit=10
[2026-03-25T04:37:23.337Z] GET /api/posts/feed?page=2&limit=10
[2026-03-25T04:37:23.514Z] GET /api/posts/feed?page=2&limit=10
[2026-03-25T04:37:23.681Z] GET /api/posts/feed?page=2&limit=10
[2026-03-25T04:37:23.848Z] GET /api/posts/feed?page=2&limit=10
[2026-03-25T04:37:24.020Z] GET /api/posts/feed?page=2&limit=10
[2026-03-25T04:37:24.188Z] GET /api/posts/feed?page=2&limit=10
[2026-03-25T04:37:24.364Z] GET /api/posts/feed?page=2&limit=10
[2026-03-25T04:37:24.529Z] GET /api/posts/feed?page=2&limit=10
[2026-03-25T04:37:24.692Z] GET /api/posts/feed?page=2&limit=10
[2026-03-25T04:37:24.867Z] GET /api/posts/feed?page=2&limit=10
[2026-03-25T04:37:25.034Z] GET /api/posts/feed?page=2&limit=10
[2026-03-25T04:37:25.204Z] GET /api/posts/feed?page=2&limit=10
[2026-03-25T04:37:25.384Z] GET /api/posts/feed?page=2&limit=10
[2026-03-25T04:37:25.552Z] GET /api/posts/feed?page=2&limit=10
[2026-03-25T04:37:25.724Z] GET /api/posts/feed?page=2&limit=10
[2026-03-25T04:37:25.909Z] GET /api/posts/feed?page=2&limit=10
[2026-03-25T04:37:26.086Z] GET /api/posts/feed?page=2&limit=10
[2026-03-25T04:37:26.265Z] GET /api/posts/feed?page=2&limit=10
[2026-03-25T04:37:26.433Z] GET /api/posts/feed?page=2&limit=10
[2026-03-25T04:37:26.616Z] GET /api/posts/feed?page=2&limit=10
[2026-03-25T04:37:26.789Z] GET /api/posts/feed?page=2&limit=10
[2026-03-25T04:37:26.951Z] GET /api/posts/feed?page=2&limit=10
[2026-03-25T04:37:27.116Z] GET /api/posts/feed?page=2&limit=10
[2026-03-25T04:37:27.290Z] GET /api/posts/feed?page=2&limit=10
[2026-03-25T04:37:27.448Z] GET /api/posts/feed?page=2&limit=10
[2026-03-25T04:37:27.608Z] GET /api/posts/feed?page=2&limit=10
[2026-03-25T04:37:27.772Z] GET /api/posts/feed?page=2&limit=10
[2026-03-25T04:37:27.949Z] GET /api/posts/feed?page=2&limit=10
[2026-03-25T04:37:28.114Z] GET /api/posts/feed?page=2&limit=10
[2026-03-25T04:37:28.282Z] GET /api/posts/feed?page=2&limit=10
[2026-03-25T04:37:28.453Z] GET /api/posts/feed?page=2&limit=10
[2026-03-25T04:37:28.621Z] GET /api/posts/feed?page=2&limit=10
[2026-03-25T04:37:28.783Z] GET /api/posts/feed?page=2&limit=10
[2026-03-25T04:37:28.945Z] GET /api/posts/feed?page=2&limit=10
[2026-03-25T04:37:29.116Z] GET /api/posts/feed?page=2&limit=10
[2026-03-25T04:37:29.291Z] GET /api/posts/feed?page=2&limit=10
[2026-03-25T04:37:29.463Z] GET /api/posts/feed?page=2&limit=10
[2026-03-25T04:37:29.637Z] GET /api/posts/feed?page=2&limit=10
[2026-03-25T04:37:29.815Z] GET /api/posts/feed?page=2&limit=10
[2026-03-25T04:37:29.978Z] GET /api/posts/feed?page=2&limit=10
[2026-03-25T04:37:30.150Z] GET /api/posts/feed?page=2&limit=10
[2026-03-25T04:37:30.327Z] GET /api/posts/feed?page=2&limit=10
[2026-03-25T04:37:30.494Z] GET /api/posts/feed?page=2&limit=10
[2026-03-25T04:37:30.667Z] GET /api/posts/feed?page=2&limit=10
[2026-03-25T04:37:30.827Z] GET /api/posts/feed?page=2&limit=10
[2026-03-25T04:37:30.998Z] GET /api/posts/feed?page=2&limit=10
[2026-03-25T04:37:31.164Z] GET /api/posts/feed?page=2&limit=10
[2026-03-25T04:37:31.328Z] GET /api/posts/feed?page=2&limit=10
[2026-03-25T04:37:31.486Z] GET /api/posts/feed?page=2&limit=10
[2026-03-25T04:37:31.652Z] GET /api/posts/feed?page=2&limit=10
[2026-03-25T04:37:31.817Z] GET /api/posts/feed?page=2&limit=10
[2026-03-25T04:37:32.002Z] GET /api/posts/feed?page=2&limit=10
[2026-03-25T04:37:32.169Z] GET /api/posts/feed?page=2&limit=10
[2026-03-25T04:37:32.332Z] GET /api/posts/feed?page=2&limit=10
[2026-03-25T04:37:32.505Z] GET /api/posts/feed?page=2&limit=10
[2026-03-25T04:37:32.666Z] GET /api/posts/feed?page=2&limit=10
[2026-03-25T04:37:32.841Z] GET /api/posts/feed?page=2&limit=10
[2026-03-25T04:37:33.006Z] GET /api/posts/feed?page=2&limit=10
[2026-03-25T04:37:33.171Z] GET /api/posts/feed?page=2&limit=10
[2026-03-25T04:37:33.346Z] GET /api/posts/feed?page=2&limit=10
[2026-03-25T04:37:33.524Z] GET /api/posts/feed?page=2&limit=10
[2026-03-25T04:37:33.695Z] GET /api/posts/feed?page=2&limit=10
[2026-03-25T04:37:33.862Z] GET /api/posts/feed?page=2&limit=10
[2026-03-25T04:37:34.033Z] GET /api/posts/feed?page=2&limit=10
[2026-03-25T04:37:34.198Z] GET /api/posts/feed?page=2&limit=10
[2026-03-25T04:37:34.367Z] GET /api/posts/feed?page=2&limit=10
[2026-03-25T04:37:34.533Z] GET /api/posts/feed?page=2&limit=10
[2026-03-25T04:37:34.696Z] GET /api/posts/feed?page=2&limit=10
[2026-03-25T04:37:34.867Z] GET /api/posts/feed?page=2&limit=10
[2026-03-25T04:37:35.035Z] GET /api/posts/feed?page=2&limit=10
[2026-03-25T04:37:35.205Z] GET /api/posts/feed?page=2&limit=10
[2026-03-25T04:37:35.372Z] GET /api/posts/feed?page=2&limit=10
[2026-03-25T04:37:35.534Z] GET /api/posts/feed?page=2&limit=10
[2026-03-25T04:37:35.711Z] GET /api/posts/feed?page=2&limit=10
[2026-03-25T04:37:35.883Z] GET /api/posts/feed?page=2&limit=10
[2026-03-25T04:37:36.059Z] GET /api/posts/feed?page=2&limit=10
[2026-03-25T04:37:36.225Z] GET /api/posts/feed?page=2&limit=10
[2026-03-25T04:37:36.401Z] GET /api/posts/feed?page=2&limit=10
[2026-03-25T04:37:36.566Z] GET /api/posts/feed?page=2&limit=10
[2026-03-25T04:37:36.734Z] GET /api/posts/feed?page=2&limit=10
[2026-03-25T04:37:36.906Z] GET /api/posts/feed?page=2&limit=10
[2026-03-25T04:37:37.073Z] GET /api/posts/feed?page=2&limit=10
[2026-03-25T04:37:37.247Z] GET /api/posts/feed?page=2&limit=10
[2026-03-25T04:37:37.418Z] GET /api/posts/feed?page=2&limit=10
[2026-03-25T04:37:37.602Z] GET /api/posts/feed?page=2&limit=10
[2026-03-25T04:37:37.779Z] GET /api/posts/feed?page=2&limit=10
[2026-03-25T04:37:37.962Z] GET /api/posts/feed?page=2&limit=10
[2026-03-25T04:37:38.121Z] GET /api/posts/feed?page=2&limit=10
[2026-03-25T04:37:38.283Z] GET /api/posts/feed?page=2&limit=10
[2026-03-25T04:37:38.453Z] GET /api/posts/feed?page=2&limit=10
[2026-03-25T04:37:38.624Z] GET /api/posts/feed?page=2&limit=10
[2026-03-25T04:37:38.795Z] GET /api/posts/feed?page=2&limit=10
[2026-03-25T04:37:38.967Z] GET /api/posts/feed?page=2&limit=10
[2026-03-25T04:37:39.131Z] GET /api/posts/feed?page=2&limit=10
[2026-03-25T04:37:39.301Z] GET /api/posts/feed?page=2&limit=10
[2026-03-25T04:37:39.467Z] GET /api/posts/feed?page=2&limit=10
[2026-03-25T04:37:39.634Z] GET /api/posts/feed?page=2&limit=10
[2026-03-25T04:37:39.808Z] GET /api/posts/feed?page=2&limit=10
[2026-03-25T04:37:39.981Z] GET /api/posts/feed?page=2&limit=10
[2026-03-25T04:37:40.154Z] GET /api/posts/feed?page=2&limit=10
[2026-03-25T04:37:40.331Z] GET /api/posts/feed?page=2&limit=10
[2026-03-25T04:37:40.496Z] GET /api/posts/feed?page=2&limit=10
[2026-03-25T04:37:40.660Z] GET /api/posts/feed?page=2&limit=10
[2026-03-25T04:37:40.832Z] GET /api/posts/feed?page=2&limit=10
[2026-03-25T04:37:41.008Z] GET /api/posts/feed?page=2&limit=10
[2026-03-25T04:37:41.179Z] GET /api/posts/feed?page=2&limit=10
[2026-03-25T04:37:41.356Z] GET /api/posts/feed?page=2&limit=10
[2026-03-25T04:37:41.527Z] GET /api/posts/feed?page=2&limit=10
[2026-03-25T04:37:41.706Z] GET /api/posts/feed?page=2&limit=10
[2026-03-25T04:37:41.879Z] GET /api/posts/feed?page=2&limit=10
[2026-03-25T04:37:42.057Z] GET /api/posts/feed?page=2&limit=10
[2026-03-25T04:37:42.231Z] GET /api/posts/feed?page=2&limit=10
[2026-03-25T04:37:42.411Z] GET /api/posts/feed?page=2&limit=10
[2026-03-25T04:37:42.585Z] GET /api/posts/feed?page=2&limit=10
[2026-03-25T04:37:42.751Z] GET /api/posts/feed?page=2&limit=10
[2026-03-25T04:37:42.920Z] GET /api/posts/feed?page=2&limit=10
[2026-03-25T04:37:43.091Z] GET /api/posts/feed?page=2&limit=10
[2026-03-25T04:37:43.269Z] GET /api/posts/feed?page=2&limit=10
[2026-03-25T04:37:43.444Z] GET /api/posts/feed?page=2&limit=10
[2026-03-25T04:37:43.612Z] GET /api/posts/feed?page=2&limit=10
[2026-03-25T04:37:43.782Z] GET /api/posts/feed?page=2&limit=10
[2026-03-25T04:37:43.947Z] GET /api/posts/feed?page=2&limit=10
[2026-03-25T04:37:44.128Z] GET /api/posts/feed?page=2&limit=10
[2026-03-25T04:37:44.292Z] GET /api/posts/feed?page=2&limit=10
[2026-03-25T04:37:44.468Z] GET /api/posts/feed?page=2&limit=10
[2026-03-25T04:37:44.632Z] GET /api/posts/feed?page=2&limit=10
[2026-03-25T04:37:44.796Z] GET /api/posts/feed?page=2&limit=10
[2026-03-25T04:37:44.968Z] GET /api/posts/feed?page=2&limit=10
[2026-03-25T04:37:45.137Z] GET /api/posts/feed?page=2&limit=10
[2026-03-25T04:37:45.300Z] GET /api/posts/feed?page=2&limit=10
[2026-03-25T04:37:45.478Z] GET /api/posts/feed?page=2&limit=10
[2026-03-25T04:37:45.647Z] GET /api/posts/feed?page=2&limit=10
[2026-03-25T04:37:45.816Z] GET /api/posts/feed?page=2&limit=10
[2026-03-25T04:37:45.983Z] GET /api/posts/feed?page=2&limit=10
[2026-03-25T04:37:46.148Z] GET /api/posts/feed?page=2&limit=10
[2026-03-25T04:37:46.330Z] GET /api/posts/feed?page=2&limit=10
[2026-03-25T04:37:46.499Z] GET /api/posts/feed?page=2&limit=10
[2026-03-25T04:37:46.667Z] GET /api/posts/feed?page=2&limit=10
[2026-03-25T04:37:46.850Z] GET /api/posts/feed?page=2&limit=10
[2026-03-25T04:37:47.019Z] GET /api/posts/feed?page=2&limit=10
[2026-03-25T04:37:47.190Z] GET /api/posts/feed?page=2&limit=10
[2026-03-25T04:37:47.370Z] GET /api/posts/feed?page=2&limit=10
[2026-03-25T04:37:47.546Z] GET /api/posts/feed?page=2&limit=10
[2026-03-25T04:37:47.715Z] GET /api/posts/feed?page=2&limit=10
[2026-03-25T04:37:47.878Z] GET /api/posts/feed?page=2&limit=10
[2026-03-25T04:37:48.052Z] GET /api/posts/feed?page=2&limit=10
[2026-03-25T04:37:48.223Z] GET /api/posts/feed?page=2&limit=10
[2026-03-25T04:37:48.394Z] GET /api/posts/feed?page=2&limit=10
[2026-03-25T04:37:48.562Z] GET /api/posts/feed?page=2&limit=10
[2026-03-25T04:37:48.728Z] GET /api/posts/feed?page=2&limit=10
[2026-03-25T04:37:48.976Z] GET /api/posts/feed?page=2&limit=10
[2026-03-25T04:37:49.153Z] GET /api/posts/feed?page=2&limit=10
[2026-03-25T04:37:49.322Z] GET /api/posts/feed?page=2&limit=10
[2026-03-25T04:37:49.497Z] GET /api/posts/feed?page=2&limit=10
[2026-03-25T04:37:49.660Z] GET /api/posts/feed?page=2&limit=10
[2026-03-25T04:37:49.831Z] GET /api/posts/feed?page=2&limit=10
[2026-03-25T04:37:50.001Z] GET /api/posts/feed?page=2&limit=10
[2026-03-25T04:37:50.168Z] GET /api/posts/feed?page=2&limit=10
[2026-03-25T04:37:50.339Z] GET /api/posts/feed?page=2&limit=10
[2026-03-25T04:37:50.514Z] GET /api/posts/feed?page=2&limit=10
[2026-03-25T04:37:50.687Z] GET /api/posts/feed?page=2&limit=10
[2026-03-25T04:37:50.863Z] GET /api/posts/feed?page=2&limit=10
[2026-03-25T04:37:51.026Z] GET /api/posts/feed?page=2&limit=10
[2026-03-25T04:37:51.194Z] GET /api/posts/feed?page=2&limit=10
[2026-03-25T04:37:51.357Z] GET /api/posts/feed?page=2&limit=10
[2026-03-25T04:37:51.531Z] GET /api/posts/feed?page=2&limit=10
[2026-03-25T04:37:51.701Z] GET /api/posts/feed?page=2&limit=10
[2026-03-25T04:37:51.879Z] GET /api/posts/feed?page=2&limit=10
[2026-03-25T04:37:52.057Z] GET /api/posts/feed?page=2&limit=10
[2026-03-25T04:37:52.225Z] GET /api/posts/feed?page=2&limit=10
[2026-03-25T04:37:52.398Z] GET /api/posts/feed?page=2&limit=10
[2026-03-25T04:37:52.576Z] GET /api/posts/feed?page=2&limit=10
[2026-03-25T04:37:52.754Z] GET /api/posts/feed?page=2&limit=10
[2026-03-25T04:37:52.924Z] GET /api/posts/feed?page=2&limit=10
[2026-03-25T04:37:53.099Z] GET /api/posts/feed?page=2&limit=10
[2026-03-25T04:37:53.272Z] GET /api/posts/feed?page=2&limit=10
[2026-03-25T04:37:53.460Z] GET /api/posts/feed?page=2&limit=10
[2026-03-25T04:37:53.628Z] GET /api/posts/feed?page=2&limit=10
[2026-03-25T04:37:53.802Z] GET /api/posts/feed?page=2&limit=10
[2026-03-25T04:37:53.972Z] GET /api/posts/feed?page=2&limit=10
[2026-03-25T04:37:54.146Z] GET /api/posts/feed?page=2&limit=10
[2026-03-25T04:37:54.318Z] GET /api/posts/feed?page=2&limit=10
[2026-03-25T04:37:54.487Z] GET /api/posts/feed?page=2&limit=10
[2026-03-25T04:37:54.658Z] GET /api/posts/feed?page=2&limit=10
[2026-03-25T04:37:54.826Z] GET /api/posts/feed?page=2&limit=10
[2026-03-25T04:37:54.998Z] GET /api/posts/feed?page=2&limit=10
[2026-03-25T04:37:55.172Z] GET /api/posts/feed?page=2&limit=10
[2026-03-25T04:37:55.329Z] GET /api/posts/feed?page=2&limit=10
[2026-03-25T04:37:55.506Z] GET /api/posts/feed?page=2&limit=10
[2026-03-25T04:37:55.683Z] GET /api/posts/feed?page=2&limit=10
[2026-03-25T04:37:55.859Z] GET /api/posts/feed?page=2&limit=10
[2026-03-25T04:37:56.022Z] GET /api/posts/feed?page=2&limit=10
[2026-03-25T04:37:56.197Z] GET /api/posts/feed?page=2&limit=10
[2026-03-25T04:37:56.381Z] GET /api/posts/feed?page=2&limit=10
[2026-03-25T04:37:56.542Z] GET /api/posts/feed?page=2&limit=10
[2026-03-25T04:37:56.712Z] GET /api/posts/feed?page=2&limit=10
[2026-03-25T04:37:56.883Z] GET /api/posts/feed?page=2&limit=10
[2026-03-25T04:37:57.052Z] GET /api/posts/feed?page=2&limit=10
[2026-03-25T04:37:57.226Z] GET /api/posts/feed?page=2&limit=10
[2026-03-25T04:37:57.400Z] GET /api/posts/feed?page=2&limit=10
[2026-03-25T04:37:57.597Z] GET /api/posts/feed?page=2&limit=10
[2026-03-25T04:37:57.768Z] GET /api/posts/feed?page=2&limit=10
[2026-03-25T04:37:57.940Z] GET /api/posts/feed?page=2&limit=10
[2026-03-25T04:37:58.110Z] GET /api/posts/feed?page=2&limit=10
[2026-03-25T04:37:58.278Z] GET /api/posts/feed?page=2&limit=10
[2026-03-25T04:37:58.443Z] GET /api/posts/feed?page=2&limit=10
[2026-03-25T04:37:58.614Z] GET /api/posts/feed?page=2&limit=10
[2026-03-25T04:37:58.782Z] GET /api/posts/feed?page=2&limit=10
[2026-03-25T04:37:58.956Z] GET /api/posts/feed?page=2&limit=10
[2026-03-25T04:37:59.126Z] GET /api/posts/feed?page=2&limit=10
[2026-03-25T04:37:59.296Z] GET /api/posts/feed?page=2&limit=10
[2026-03-25T04:37:59.467Z] GET /api/posts/feed?page=2&limit=10
[2026-03-25T04:37:59.637Z] GET /api/posts/feed?page=2&limit=10
[2026-03-25T04:37:59.802Z] GET /api/posts/feed?page=2&limit=10
[2026-03-25T04:37:59.975Z] GET /api/posts/feed?page=2&limit=10
[2026-03-25T04:38:00.147Z] GET /api/posts/feed?page=2&limit=10
[2026-03-25T04:38:00.320Z] GET /api/posts/feed?page=2&limit=10
[2026-03-25T04:38:00.496Z] GET /api/posts/feed?page=2&limit=10
[2026-03-25T04:38:00.664Z] GET /api/posts/feed?page=2&limit=10
[2026-03-25T04:38:00.828Z] GET /api/posts/feed?page=2&limit=10
[2026-03-25T04:38:01.011Z] GET /api/posts/feed?page=2&limit=10
[2026-03-25T04:38:01.175Z] GET /api/posts/feed?page=2&limit=10
[2026-03-25T04:38:01.350Z] GET /api/posts/feed?page=2&limit=10
[2026-03-25T04:38:01.531Z] GET /api/posts/feed?page=2&limit=10
[2026-03-25T04:38:01.726Z] GET /api/posts/feed?page=2&limit=10
[2026-03-25T04:38:01.918Z] GET /api/posts/feed?page=2&limit=10
[2026-03-25T04:38:02.085Z] GET /api/posts/feed?page=2&limit=10
[2026-03-25T04:38:02.262Z] GET /api/posts/feed?page=2&limit=10
[2026-03-25T04:38:02.430Z] GET /api/posts/feed?page=2&limit=10
[2026-03-25T04:38:02.604Z] GET /api/posts/feed?page=2&limit=10
[2026-03-25T04:38:02.782Z] GET /api/posts/feed?page=2&limit=10
[2026-03-25T04:38:02.941Z] GET /api/posts/feed?page=2&limit=10
[2026-03-25T04:38:03.104Z] GET /api/posts/feed?page=2&limit=10
[2026-03-25T04:38:03.275Z] GET /api/posts/feed?page=2&limit=10
[2026-03-25T04:38:03.448Z] GET /api/posts/feed?page=2&limit=10
[2026-03-25T04:38:03.633Z] GET /api/posts/feed?page=2&limit=10
[2026-03-25T04:38:03.799Z] GET /api/posts/feed?page=2&limit=10
[2026-03-25T04:38:03.979Z] GET /api/posts/feed?page=2&limit=10
[2026-03-25T04:38:04.154Z] GET /api/posts/feed?page=2&limit=10
[2026-03-25T04:38:04.324Z] GET /api/posts/feed?page=2&limit=10
[2026-03-25T04:38:04.490Z] GET /api/posts/feed?page=2&limit=10
[2026-03-25T04:38:04.662Z] GET /api/posts/feed?page=2&limit=10
[2026-03-25T04:38:04.832Z] GET /api/posts/feed?page=2&limit=10
[2026-03-25T04:38:05.017Z] GET /api/posts/feed?page=2&limit=10
[2026-03-25T04:38:05.187Z] GET /api/posts/feed?page=2&limit=10
[2026-03-25T04:38:05.360Z] GET /api/posts/feed?page=2&limit=10
[2026-03-25T04:38:05.535Z] GET /api/posts/feed?page=2&limit=10
[2026-03-25T04:38:05.698Z] GET /api/posts/feed?page=2&limit=10
[2026-03-25T04:38:05.875Z] GET /api/posts/feed?page=2&limit=10
[2026-03-25T04:38:06.056Z] GET /api/posts/feed?page=2&limit=10
[2026-03-25T04:38:06.227Z] GET /api/posts/feed?page=2&limit=10
[2026-03-25T04:38:06.395Z] GET /api/posts/feed?page=2&limit=10
[2026-03-25T04:38:06.569Z] GET /api/posts/feed?page=2&limit=10
[2026-03-25T04:38:06.737Z] GET /api/posts/feed?page=2&limit=10
[2026-03-25T04:38:06.906Z] GET /api/posts/feed?page=2&limit=10
[2026-03-25T04:38:07.088Z] GET /api/posts/feed?page=2&limit=10
[2026-03-25T04:38:07.264Z] GET /api/posts/feed?page=2&limit=10
[2026-03-25T04:38:07.435Z] GET /api/posts/feed?page=2&limit=10
[2026-03-25T04:38:07.607Z] GET /api/posts/feed?page=2&limit=10
[2026-03-25T04:38:07.788Z] GET /api/posts/feed?page=2&limit=10
[2026-03-25T04:38:07.957Z] GET /api/posts/feed?page=2&limit=10
[2026-03-25T04:38:08.135Z] GET /api/posts/feed?page=2&limit=10
[2026-03-25T04:38:08.305Z] GET /api/posts/feed?page=2&limit=10
[2026-03-25T04:38:08.481Z] GET /api/posts/feed?page=2&limit=10
[2026-03-25T04:38:08.649Z] GET /api/posts/feed?page=2&limit=10
[2026-03-25T04:38:08.828Z] GET /api/posts/feed?page=2&limit=10
[2026-03-25T04:38:09.004Z] GET /api/posts/feed?page=2&limit=10
[2026-03-25T04:38:09.182Z] GET /api/posts/feed?page=2&limit=10
[2026-03-25T04:38:09.355Z] GET /api/posts/feed?page=2&limit=10
[2026-03-25T04:38:09.529Z] GET /api/posts/feed?page=2&limit=10
[2026-03-25T04:38:09.706Z] GET /api/posts/feed?page=2&limit=10
[2026-03-25T04:38:09.875Z] GET /api/posts/feed?page=2&limit=10
[2026-03-25T04:38:10.044Z] GET /api/posts/feed?page=2&limit=10
[2026-03-25T04:38:10.210Z] GET /api/posts/feed?page=2&limit=10
[2026-03-25T04:38:10.383Z] GET /api/posts/feed?page=2&limit=10
[2026-03-25T04:38:10.556Z] GET /api/posts/feed?page=2&limit=10
[2026-03-25T04:38:10.727Z] GET /api/posts/feed?page=2&limit=10
[2026-03-25T04:38:10.897Z] GET /api/posts/feed?page=2&limit=10
[2026-03-25T04:38:11.066Z] GET /api/posts/feed?page=2&limit=10
[2026-03-25T04:38:11.230Z] GET /api/posts/feed?page=2&limit=10
[2026-03-25T04:38:11.411Z] GET /api/posts/feed?page=2&limit=10
[2026-03-25T04:38:11.589Z] GET /api/posts/feed?page=2&limit=10
[2026-03-25T04:38:11.766Z] GET /api/posts/feed?page=2&limit=10
[2026-03-25T04:38:11.940Z] GET /api/posts/feed?page=2&limit=10
[2026-03-25T04:38:12.108Z] GET /api/posts/feed?page=2&limit=10
[2026-03-25T04:38:12.282Z] GET /api/posts/feed?page=2&limit=10
[2026-03-25T04:38:12.464Z] GET /api/posts/feed?page=2&limit=10
[2026-03-25T04:38:12.639Z] GET /api/posts/feed?page=2&limit=10
[2026-03-25T04:38:12.818Z] GET /api/posts/feed?page=2&limit=10
[2026-03-25T04:38:12.985Z] GET /api/posts/feed?page=2&limit=10
[2026-03-25T04:38:13.162Z] GET /api/posts/feed?page=2&limit=10
[2026-03-25T04:38:13.338Z] GET /api/posts/feed?page=2&limit=10
[2026-03-25T04:38:13.506Z] GET /api/posts/feed?page=2&limit=10
[2026-03-25T04:38:13.682Z] GET /api/posts/feed?page=2&limit=10
[2026-03-25T04:38:13.862Z] GET /api/posts/feed?page=2&limit=10
[2026-03-25T04:38:14.035Z] GET /api/posts/feed?page=2&limit=10
[2026-03-25T04:38:14.212Z] GET /api/posts/feed?page=2&limit=10
[2026-03-25T04:38:14.383Z] GET /api/posts/feed?page=2&limit=10
[2026-03-25T04:38:14.559Z] GET /api/posts/feed?page=2&limit=10
[2026-03-25T04:38:14.736Z] GET /api/posts/feed?page=2&limit=10
[2026-03-25T04:38:14.913Z] GET /api/posts/feed?page=2&limit=10
[2026-03-25T04:38:15.083Z] GET /api/posts/feed?page=2&limit=10
[2026-03-25T04:38:15.266Z] GET /api/posts/feed?page=2&limit=10
[2026-03-25T04:38:15.445Z] GET /api/posts/feed?page=2&limit=10
[2026-03-25T04:38:15.627Z] GET /api/posts/feed?page=2&limit=10
[2026-03-25T04:38:15.795Z] GET /api/posts/feed?page=2&limit=10
[2026-03-25T04:38:15.967Z] GET /api/posts/feed?page=2&limit=10
[2026-03-25T04:38:16.135Z] GET /api/posts/feed?page=2&limit=10
[2026-03-25T04:38:16.300Z] GET /api/posts/feed?page=2&limit=10
[2026-03-25T04:38:16.473Z] GET /api/posts/feed?page=2&limit=10
[2026-03-25T04:38:16.647Z] GET /api/posts/feed?page=2&limit=10
[2026-03-25T04:38:16.820Z] GET /api/posts/feed?page=2&limit=10
[2026-03-25T04:38:16.998Z] GET /api/posts/feed?page=2&limit=10
[2026-03-25T04:38:17.172Z] GET /api/posts/feed?page=2&limit=10
[2026-03-25T04:38:17.346Z] GET /api/posts/feed?page=2&limit=10
[2026-03-25T04:38:17.520Z] GET /api/posts/feed?page=2&limit=10
[2026-03-25T04:38:17.693Z] GET /api/posts/feed?page=2&limit=10
[2026-03-25T04:38:17.872Z] GET /api/posts/feed?page=2&limit=10
[2026-03-25T04:38:18.054Z] GET /api/posts/feed?page=2&limit=10
[2026-03-25T04:38:18.230Z] GET /api/posts/feed?page=2&limit=10
[2026-03-25T04:38:18.404Z] GET /api/posts/feed?page=2&limit=10
[2026-03-25T04:38:18.574Z] GET /api/posts/feed?page=2&limit=10
[2026-03-25T04:38:18.753Z] GET /api/posts/feed?page=2&limit=10
[2026-03-25T04:38:18.929Z] GET /api/posts/feed?page=2&limit=10
[2026-03-25T04:38:19.097Z] GET /api/posts/feed?page=2&limit=10
[2026-03-25T04:38:19.292Z] GET /api/posts/feed?page=2&limit=10
[2026-03-25T04:38:19.470Z] GET /api/posts/feed?page=2&limit=10
[2026-03-25T04:38:19.656Z] GET /api/posts/feed?page=2&limit=10
